2020-01-08 15:02:29,234 - test_logger - INFO - 实际结果是{'status': 1, 'result': {'Id': '16266', 'Safety': '6be3dc4b1259fcc6dd535be1bcd6c960', 'Password': '$2y$10$ksY71AFU2LBpzKawwgo7dOvkbiYEfXE0jCBTFsOVZm56QddkWZzaW', 'Face': 'https://upload.cc/i1/2019/08/09/Dc6KWB.jpeg', 'Uid': 'LT016266', 'Status': '1', 'Remark': '', 'Nickname': '民心所向', 'Level': '0'}}
2020-01-08 15:02:29,272 - test_logger - INFO - 实际结果是{'status': 0, 'msg': '账户不存在'}
2020-01-08 15:14:16,184 - test_logger - INFO - 实际结果是{'status': 1, 'result': {'Id': '16266', 'Safety': 'e16612cf7f20dac4358889dab6610cd9', 'Password': '$2y$10$ksY71AFU2LBpzKawwgo7dOvkbiYEfXE0jCBTFsOVZm56QddkWZzaW', 'Face': 'https://upload.cc/i1/2019/08/09/Dc6KWB.jpeg', 'Uid': 'LT016266', 'Status': '1', 'Remark': '', 'Nickname': '民心所向', 'Level': '0'}}
2020-01-08 15:14:16,226 - test_logger - INFO - 实际结果是{'status': 0, 'msg': '账户不存在'}
2020-01-08 15:14:16,260 - test_logger - INFO - 实际结果是{'status': 0, 'msg': '账号和密码不能为空'}
2020-01-08 15:17:18,804 - test_logger - INFO - 实际结果是{'status': 1, 'result': {'Id': '16266', 'Safety': '2d77afe4b2df03137d67dc8dc64e18ed', 'Password': '$2y$10$ksY71AFU2LBpzKawwgo7dOvkbiYEfXE0jCBTFsOVZm56QddkWZzaW', 'Face': 'https://upload.cc/i1/2019/08/09/Dc6KWB.jpeg', 'Uid': 'LT016266', 'Status': '1', 'Remark': '', 'Nickname': '民心所向', 'Level': '0'}}
2020-01-08 15:17:18,845 - test_logger - INFO - 实际结果是{'status': 0, 'msg': '账户不存在'}
2020-01-08 15:17:18,882 - test_logger - INFO - 实际结果是{'status': 0, 'msg': '账号和密码不能为空'}
2020-01-08 18:07:47,521 - test_logger - INFO - 实际结果是{'status': 1, 'result': {'Id': '16266', 'Safety': 'e689dd7a633d0fe63f3ba403b068ee5a', 'Password': '$2y$10$ksY71AFU2LBpzKawwgo7dOvkbiYEfXE0jCBTFsOVZm56QddkWZzaW', 'Face': 'https://upload.cc/i1/2019/08/09/Dc6KWB.jpeg', 'Uid': 'LT016266', 'Status': '1', 'Remark': '', 'Nickname': '民心所向', 'Level': '0'}}
2020-01-08 18:07:49,370 - test_logger - INFO - 实际结果是{'status': 0, 'msg': '账户不存在'}
2020-01-08 18:07:49,699 - test_logger - INFO - 实际结果是{'status': 0, 'msg': '账号和密码不能为空'}
2020-01-08 18:18:44,477 - test_logger - INFO - 实际结果是{'status': 1, 'result': {'Id': '16266', 'Safety': '0260d4a627c91e4a3d8e65823c2a18f5', 'Password': '$2y$10$ksY71AFU2LBpzKawwgo7dOvkbiYEfXE0jCBTFsOVZm56QddkWZzaW', 'Face': 'https://upload.cc/i1/2019/08/09/Dc6KWB.jpeg', 'Uid': 'LT016266', 'Status': '1', 'Remark': '', 'Nickname': '民心所向', 'Level': '0'}}
2020-01-08 18:18:44,537 - test_logger - INFO - 实际结果是{'status': 0, 'msg': '账户不存在'}
2020-01-08 18:18:44,602 - test_logger - INFO - 实际结果是{'status': 0, 'msg': '账号和密码不能为空'}
2020-01-09 10:17:52,379 - test_logger - INFO - 实际结果是{'status': 1, 'result': {'Id': '16266', 'Safety': '3368a2c1ab428f4a341cfc929970a0fe', 'Password': '$2y$10$ksY71AFU2LBpzKawwgo7dOvkbiYEfXE0jCBTFsOVZm56QddkWZzaW', 'Face': 'https://upload.cc/i1/2019/08/09/Dc6KWB.jpeg', 'Uid': 'LT016266', 'Status': '1', 'Remark': '', 'Nickname': '民心所向', 'Level': '0'}}
2020-01-09 10:17:52,439 - test_logger - INFO - 实际结果是{'status': 0, 'msg': '账户不存在'}
2020-01-09 10:17:52,497 - test_logger - INFO - 实际结果是{'status': 0, 'msg': '账号和密码不能为空'}
2020-01-09 10:43:37,253 - test_logger - INFO - 实际结果是{'status': 0, 'msg': '账户不存在'}
2020-01-09 10:43:37,317 - test_logger - INFO - 实际结果是{'status': 0, 'msg': '账号和密码不能为空'}
2020-01-09 10:50:15,743 - test_logger - INFO - 实际结果是{'status': 0, 'msg': '账户不存在'}
2020-01-09 10:50:15,799 - test_logger - INFO - 实际结果是{'status': 0, 'msg': '账号和密码不能为空'}
2020-01-09 11:05:53,702 - test_logger - INFO - http://api.toutiao.353386.com
2020-01-09 11:05:53,702 - test_logger - INFO - 实际结果是{'status': 1, 'result': {'Id': '16266', 'Safety': '4d1097764398ffa35f1421361ead087d', 'Password': '$2y$10$ksY71AFU2LBpzKawwgo7dOvkbiYEfXE0jCBTFsOVZm56QddkWZzaW', 'Face': 'https://upload.cc/i1/2019/08/09/Dc6KWB.jpeg', 'Uid': 'LT016266', 'Status': '1', 'Remark': '', 'Nickname': '民心所向', 'Level': '0'}}
2020-01-09 11:05:53,764 - test_logger - INFO - 实际结果是{'status': 0, 'msg': '账户不存在'}
2020-01-09 11:05:53,819 - test_logger - INFO - 实际结果是{'status': 0, 'msg': '账号和密码不能为空'}
2020-01-09 11:09:14,205 - test_logger - INFO - http://api.toutiao.353386.com
2020-01-09 11:09:14,205 - test_logger - INFO - 实际结果是{'status': 1, 'result': {'Id': '16266', 'Safety': 'c06aaaec54d3c502c1266effee106e3e', 'Password': '$2y$10$ksY71AFU2LBpzKawwgo7dOvkbiYEfXE0jCBTFsOVZm56QddkWZzaW', 'Face': 'https://upload.cc/i1/2019/08/09/Dc6KWB.jpeg', 'Uid': 'LT016266', 'Status': '1', 'Remark': '', 'Nickname': '民心所向', 'Level': '0'}}
2020-01-09 11:19:35,860 - test_logger - INFO - 实际结果是{'status': 1, 'result': {'Id': '16266', 'Safety': '5a0112ac94f0e7f69ac71e8aa9968802', 'Password': '$2y$10$ksY71AFU2LBpzKawwgo7dOvkbiYEfXE0jCBTFsOVZm56QddkWZzaW', 'Face': 'https://upload.cc/i1/2019/08/09/Dc6KWB.jpeg', 'Uid': 'LT016266', 'Status': '1', 'Remark': '', 'Nickname': '民心所向', 'Level': '0'}}
2020-01-09 11:23:39,208 - test_logger - INFO - 实际结果是{'status': 1, 'result': {'Id': '16266', 'Safety': 'd3bfc9cf3a3585e57138bb6fd8865200', 'Password': '$2y$10$ksY71AFU2LBpzKawwgo7dOvkbiYEfXE0jCBTFsOVZm56QddkWZzaW', 'Face': 'https://upload.cc/i1/2019/08/09/Dc6KWB.jpeg', 'Uid': 'LT016266', 'Status': '1', 'Remark': '', 'Nickname': '民心所向', 'Level': '0'}}
2020-01-09 11:23:39,276 - test_logger - INFO - 实际结果是{'status': 0, 'msg': '账户不存在'}
2020-01-09 11:23:39,333 - test_logger - INFO - 实际结果是{'status': 0, 'msg': '账号和密码不能为空'}
2020-01-09 11:31:38,275 - test_logger - INFO - 实际结果是{'status': 1, 'result': {'Id': '16266', 'Safety': '262a08db0a419e7e3734b39b0612b5ec', 'Password': '$2y$10$ksY71AFU2LBpzKawwgo7dOvkbiYEfXE0jCBTFsOVZm56QddkWZzaW', 'Face': 'https://upload.cc/i1/2019/08/09/Dc6KWB.jpeg', 'Uid': 'LT016266', 'Status': '1', 'Remark': '', 'Nickname': '民心所向', 'Level': '0'}}
2020-01-09 11:31:38,336 - test_logger - INFO - 实际结果是{'status': 0, 'msg': '账户不存在'}
2020-01-09 11:31:38,394 - test_logger - INFO - 实际结果是{'status': 0, 'msg': '账号和密码不能为空'}
2020-01-09 11:34:46,994 - test_logger - INFO - 实际结果是{'status': 1, 'result': {'Id': '16266', 'Safety': '50c226dc12036e7efa1204844bf7b06c', 'Password': '$2y$10$ksY71AFU2LBpzKawwgo7dOvkbiYEfXE0jCBTFsOVZm56QddkWZzaW', 'Face': 'https://upload.cc/i1/2019/08/09/Dc6KWB.jpeg', 'Uid': 'LT016266', 'Status': '1', 'Remark': '', 'Nickname': '民心所向', 'Level': '0'}}
2020-01-09 11:34:47,055 - test_logger - INFO - 实际结果是{'status': 0, 'msg': '账户不存在'}
2020-01-09 11:34:47,112 - test_logger - INFO - 实际结果是{'status': 0, 'msg': '账号和密码不能为空'}
2020-01-09 11:59:21,584 - test_logger - INFO - 实际结果是{'status': 1, 'result': {'Id': '16266', 'Safety': '26e8a7eec456bd700069a9bc83962f22', 'Password': '$2y$10$ksY71AFU2LBpzKawwgo7dOvkbiYEfXE0jCBTFsOVZm56QddkWZzaW', 'Face': 'https://upload.cc/i1/2019/08/09/Dc6KWB.jpeg', 'Uid': 'LT016266', 'Status': '1', 'Remark': '', 'Nickname': '民心所向', 'Level': '0'}}
2020-01-09 11:59:21,646 - test_logger - INFO - 实际结果是{'status': 0, 'msg': '账户不存在'}
2020-01-09 11:59:21,704 - test_logger - INFO - 实际结果是{'status': 0, 'msg': '账号和密码不能为空'}
2020-01-09 12:00:55,550 - test_logger - INFO - 实际结果是{'status': 1, 'result': {'Id': '16266', 'Safety': 'df96d7eed56169e667768ef423d83036', 'Password': '$2y$10$ksY71AFU2LBpzKawwgo7dOvkbiYEfXE0jCBTFsOVZm56QddkWZzaW', 'Face': 'https://upload.cc/i1/2019/08/09/Dc6KWB.jpeg', 'Uid': 'LT016266', 'Status': '1', 'Remark': '', 'Nickname': '民心所向', 'Level': '0'}}
2020-01-09 12:00:55,614 - test_logger - INFO - 实际结果是{'status': 0, 'msg': '账户不存在'}
2020-01-09 12:00:55,676 - test_logger - INFO - 实际结果是{'status': 0, 'msg': '账号和密码不能为空'}
2020-01-09 13:12:59,612 - test_logger - INFO - 实际结果是{'status': 1, 'result': {'Id': '16266', 'Safety': '6715e2b91e4ccd04272af31395e355ca', 'Password': '$2y$10$ksY71AFU2LBpzKawwgo7dOvkbiYEfXE0jCBTFsOVZm56QddkWZzaW', 'Face': 'https://upload.cc/i1/2019/08/09/Dc6KWB.jpeg', 'Uid': 'LT016266', 'Status': '1', 'Remark': '', 'Nickname': '民心所向', 'Level': '0'}}
2020-01-09 13:12:59,992 - test_logger - INFO - 实际结果是{'status': 0, 'msg': '账户不存在'}
2020-01-09 13:13:00,236 - test_logger - INFO - 实际结果是{'status': 0, 'msg': '账号和密码不能为空'}
2020-01-09 13:19:06,545 - test_logger - INFO - 实际结果是{'status': 1, 'result': {'Id': '16266', 'Safety': '27de53ac59e09c4cf79a0e4ee5043e99', 'Password': '$2y$10$ksY71AFU2LBpzKawwgo7dOvkbiYEfXE0jCBTFsOVZm56QddkWZzaW', 'Face': 'https://upload.cc/i1/2019/08/09/Dc6KWB.jpeg', 'Uid': 'LT016266', 'Status': '1', 'Remark': '', 'Nickname': '民心所向', 'Level': '0'}}
2020-01-09 13:19:06,656 - test_logger - INFO - 实际结果是{'status': 0, 'msg': '账户不存在'}
2020-01-09 13:19:06,803 - test_logger - INFO - 实际结果是{'status': 0, 'msg': '账号和密码不能为空'}
2020-01-09 18:23:27,692 - test_logger - INFO - 实际结果是{'status': 1, 'result': {'Id': '16266', 'Safety': '29468a477fb390a3487875bf46ba7e3d', 'Password': '$2y$10$ksY71AFU2LBpzKawwgo7dOvkbiYEfXE0jCBTFsOVZm56QddkWZzaW', 'Face': 'https://upload.cc/i1/2019/08/09/Dc6KWB.jpeg', 'Uid': 'LT016266', 'Status': '1', 'Remark': '', 'Nickname': '民心所向', 'Level': '0'}}
2020-01-09 18:23:27,730 - test_logger - INFO - 实际结果是{'status': 0, 'msg': '账户不存在'}
2020-01-09 18:23:27,762 - test_logger - INFO - 实际结果是{'status': 0, 'msg': '账号和密码不能为空'}
2020-01-09 18:55:34,856 - test_logger - INFO - 实际结果是{'status': 1, 'result': {'Id': '16266', 'Safety': '57e5f8b9a3251d243824ce54f1b8cee8', 'Password': '$2y$10$ksY71AFU2LBpzKawwgo7dOvkbiYEfXE0jCBTFsOVZm56QddkWZzaW', 'Face': 'https://upload.cc/i1/2019/08/09/Dc6KWB.jpeg', 'Uid': 'LT016266', 'Status': '1', 'Remark': '', 'Nickname': '民心所向', 'Level': '0'}}
2020-01-09 18:55:34,893 - test_logger - INFO - 实际结果是{'status': 0, 'msg': '账户不存在'}
2020-01-09 18:55:34,926 - test_logger - INFO - 实际结果是{'status': 0, 'msg': '账号和密码不能为空'}
2020-01-10 19:04:47,706 - test_logger - INFO - 实际结果是{'status': 1, 'result': {'Id': '16266', 'Safety': 'e4573f8e2b4cb30bb93de69a892ebecf', 'Password': '$2y$10$ksY71AFU2LBpzKawwgo7dOvkbiYEfXE0jCBTFsOVZm56QddkWZzaW', 'Face': 'https://upload.cc/i1/2019/08/09/Dc6KWB.jpeg', 'Uid': 'LT016266', 'Status': '1', 'Remark': '', 'Nickname': '民心所向', 'Level': '0'}}
2020-01-10 19:04:47,779 - test_logger - INFO - 实际结果是{'status': 0, 'msg': '账户不存在'}
2020-01-10 19:04:47,846 - test_logger - INFO - 实际结果是{'status': 0, 'msg': '账号和密码不能为空'}
2020-01-10 19:15:19,525 - test_logger - INFO - 实际结果是{'status': 1, 'result': {'Id': '16266', 'Safety': '189b9fbdec24212f7802816746ebba6f', 'Password': '$2y$10$ksY71AFU2LBpzKawwgo7dOvkbiYEfXE0jCBTFsOVZm56QddkWZzaW', 'Face': 'https://upload.cc/i1/2019/08/09/Dc6KWB.jpeg', 'Uid': 'LT016266', 'Status': '1', 'Remark': '', 'Nickname': '民心所向', 'Level': '0'}}
2020-01-10 19:15:19,587 - test_logger - INFO - 实际结果是{'status': 0, 'msg': '账户不存在'}
2020-01-10 19:15:19,646 - test_logger - INFO - 实际结果是{'status': 0, 'msg': '账号和密码不能为空'}
2020-01-10 19:16:24,072 - test_logger - INFO - 实际结果是{'status': 1, 'result': {'Id': '16266', 'Safety': 'aaa949d9d5ca7cc3741ab2955f3a4570', 'Password': '$2y$10$ksY71AFU2LBpzKawwgo7dOvkbiYEfXE0jCBTFsOVZm56QddkWZzaW', 'Face': 'https://upload.cc/i1/2019/08/09/Dc6KWB.jpeg', 'Uid': 'LT016266', 'Status': '1', 'Remark': '', 'Nickname': '民心所向', 'Level': '0'}}
2020-01-10 19:16:24,135 - test_logger - INFO - 实际结果是{'status': 0, 'msg': '账户不存在'}
2020-01-10 19:16:24,193 - test_logger - INFO - 实际结果是{'status': 0, 'msg': '账号和密码不能为空'}
2020-01-10 19:17:07,940 - test_logger - INFO - 实际结果是{'status': 1, 'result': {'Id': '16266', 'Safety': 'b37bd5a225e5889df0fce607f9172c17', 'Password': '$2y$10$ksY71AFU2LBpzKawwgo7dOvkbiYEfXE0jCBTFsOVZm56QddkWZzaW', 'Face': 'https://upload.cc/i1/2019/08/09/Dc6KWB.jpeg', 'Uid': 'LT016266', 'Status': '1', 'Remark': '', 'Nickname': '民心所向', 'Level': '0'}}
2020-01-10 19:17:08,002 - test_logger - INFO - 实际结果是{'status': 0, 'msg': '账户不存在'}
2020-01-10 19:17:08,061 - test_logger - INFO - 实际结果是{'status': 0, 'msg': '账号和密码不能为空'}
2020-01-10 19:17:28,101 - test_logger - INFO - 实际结果是{'status': 1, 'result': {'Id': '16266', 'Safety': 'efff89f01ca7a2da772c32507d85fc0f', 'Password': '$2y$10$ksY71AFU2LBpzKawwgo7dOvkbiYEfXE0jCBTFsOVZm56QddkWZzaW', 'Face': 'https://upload.cc/i1/2019/08/09/Dc6KWB.jpeg', 'Uid': 'LT016266', 'Status': '1', 'Remark': '', 'Nickname': '民心所向', 'Level': '0'}}
2020-01-10 19:17:28,160 - test_logger - INFO - 实际结果是{'status': 0, 'msg': '账户不存在'}
2020-01-10 19:17:28,215 - test_logger - INFO - 实际结果是{'status': 0, 'msg': '账号和密码不能为空'}
2020-01-10 19:17:36,902 - test_logger - INFO - 实际结果是{'status': 1, 'result': {'Id': '16266', 'Safety': 'c351574192b19ed9d851e1d5c9091c3b', 'Password': '$2y$10$ksY71AFU2LBpzKawwgo7dOvkbiYEfXE0jCBTFsOVZm56QddkWZzaW', 'Face': 'https://upload.cc/i1/2019/08/09/Dc6KWB.jpeg', 'Uid': 'LT016266', 'Status': '1', 'Remark': '', 'Nickname': '民心所向', 'Level': '0'}}
2020-01-10 19:17:36,965 - test_logger - INFO - 实际结果是{'status': 0, 'msg': '账户不存在'}
2020-01-10 19:17:37,024 - test_logger - INFO - 实际结果是{'status': 0, 'msg': '账号和密码不能为空'}
2020-01-10 19:18:18,281 - test_logger - INFO - 实际结果是{'status': 1, 'result': {'Id': '16266', 'Safety': '6290b8111e20945b3b681555d2fdaca2', 'Password': '$2y$10$ksY71AFU2LBpzKawwgo7dOvkbiYEfXE0jCBTFsOVZm56QddkWZzaW', 'Face': 'https://upload.cc/i1/2019/08/09/Dc6KWB.jpeg', 'Uid': 'LT016266', 'Status': '1', 'Remark': '', 'Nickname': '民心所向', 'Level': '0'}}
2020-01-10 19:18:18,344 - test_logger - INFO - 实际结果是{'status': 0, 'msg': '账户不存在'}
2020-01-10 19:18:18,409 - test_logger - INFO - 实际结果是{'status': 0, 'msg': '账号和密码不能为空'}
2020-01-10 19:20:15,443 - test_logger - INFO - 实际结果是{'status': 1, 'result': {'Id': '16266', 'Safety': '82881efb299ce9ba921b212607b47ee9', 'Password': '$2y$10$ksY71AFU2LBpzKawwgo7dOvkbiYEfXE0jCBTFsOVZm56QddkWZzaW', 'Face': 'https://upload.cc/i1/2019/08/09/Dc6KWB.jpeg', 'Uid': 'LT016266', 'Status': '1', 'Remark': '', 'Nickname': '民心所向', 'Level': '0'}}
2020-01-10 19:20:15,514 - test_logger - INFO - 实际结果是{'status': 0, 'msg': '账户不存在'}
2020-01-10 19:20:15,579 - test_logger - INFO - 实际结果是{'status': 0, 'msg': '账号和密码不能为空'}
2020-01-10 19:27:37,624 - test_logger - INFO - 实际结果是{'status': 1, 'result': {'Id': '16266', 'Safety': '89353a4b5bc0e6318bd51633ff481470', 'Password': '$2y$10$ksY71AFU2LBpzKawwgo7dOvkbiYEfXE0jCBTFsOVZm56QddkWZzaW', 'Face': 'https://upload.cc/i1/2019/08/09/Dc6KWB.jpeg', 'Uid': 'LT016266', 'Status': '1', 'Remark': '', 'Nickname': '民心所向', 'Level': '0'}}
2020-01-10 19:27:37,694 - test_logger - INFO - 实际结果是{'status': 0, 'msg': '账户不存在'}
2020-01-10 19:27:37,752 - test_logger - INFO - 实际结果是{'status': 0, 'msg': '账号和密码不能为空'}
2020-01-10 19:28:20,114 - test_logger - INFO - 实际结果是{'status': 1, 'result': {'Id': '16266', 'Safety': '0e689e73de5f1b78966fd7a891d55d82', 'Password': '$2y$10$ksY71AFU2LBpzKawwgo7dOvkbiYEfXE0jCBTFsOVZm56QddkWZzaW', 'Face': 'https://upload.cc/i1/2019/08/09/Dc6KWB.jpeg', 'Uid': 'LT016266', 'Status': '1', 'Remark': '', 'Nickname': '民心所向', 'Level': '0'}}
2020-01-10 19:28:20,176 - test_logger - INFO - 实际结果是{'status': 0, 'msg': '账户不存在'}
2020-01-10 19:28:20,232 - test_logger - INFO - 实际结果是{'status': 0, 'msg': '账号和密码不能为空'}
2020-01-10 19:30:11,116 - test_logger - INFO - 实际结果是{'status': 1, 'result': {'Id': '16266', 'Safety': '6bed155f474707a9b14a05c7a97cfc58', 'Password': '$2y$10$ksY71AFU2LBpzKawwgo7dOvkbiYEfXE0jCBTFsOVZm56QddkWZzaW', 'Face': 'https://upload.cc/i1/2019/08/09/Dc6KWB.jpeg', 'Uid': 'LT016266', 'Status': '1', 'Remark': '', 'Nickname': '民心所向', 'Level': '0'}}
2020-01-10 19:30:11,178 - test_logger - INFO - 实际结果是{'status': 0, 'msg': '账户不存在'}
2020-01-10 19:30:11,238 - test_logger - INFO - 实际结果是{'status': 0, 'msg': '账号和密码不能为空'}
2020-01-10 19:39:52,044 - test_logger - INFO - 实际结果是{'status': 1, 'result': {'Id': '16266', 'Safety': '5cd3154b7057d7b68c8a6cd7b6239c0a', 'Password': '$2y$10$ksY71AFU2LBpzKawwgo7dOvkbiYEfXE0jCBTFsOVZm56QddkWZzaW', 'Face': 'https://upload.cc/i1/2019/08/09/Dc6KWB.jpeg', 'Uid': 'LT016266', 'Status': '1', 'Remark': '', 'Nickname': '民心所向', 'Level': '0'}}
2020-01-10 19:39:52,106 - test_logger - INFO - 实际结果是{'status': 0, 'msg': '账户不存在'}
2020-01-10 19:39:52,164 - test_logger - INFO - 实际结果是{'status': 0, 'msg': '账号和密码不能为空'}
2020-01-10 19:40:52,509 - test_logger - INFO - 实际结果是{'status': 1, 'result': {'Id': '16266', 'Safety': '3b83fe9a99909bf528e9430e28976ef9', 'Password': '$2y$10$ksY71AFU2LBpzKawwgo7dOvkbiYEfXE0jCBTFsOVZm56QddkWZzaW', 'Face': 'https://upload.cc/i1/2019/08/09/Dc6KWB.jpeg', 'Uid': 'LT016266', 'Status': '1', 'Remark': '', 'Nickname': '民心所向', 'Level': '0'}}
2020-01-10 19:40:52,572 - test_logger - INFO - 实际结果是{'status': 0, 'msg': '账户不存在'}
2020-01-10 19:40:52,637 - test_logger - INFO - 实际结果是{'status': 0, 'msg': '账号和密码不能为空'}
2020-01-10 19:41:25,315 - test_logger - INFO - 实际结果是{'status': 1, 'result': {'Id': '16266', 'Safety': '0439611d86e65f36eeb6c1c6be27fca8', 'Password': '$2y$10$ksY71AFU2LBpzKawwgo7dOvkbiYEfXE0jCBTFsOVZm56QddkWZzaW', 'Face': 'https://upload.cc/i1/2019/08/09/Dc6KWB.jpeg', 'Uid': 'LT016266', 'Status': '1', 'Remark': '', 'Nickname': '民心所向', 'Level': '0'}}
2020-01-10 19:41:25,378 - test_logger - INFO - 实际结果是{'status': 0, 'msg': '账户不存在'}
2020-01-10 19:41:25,434 - test_logger - INFO - 实际结果是{'status': 0, 'msg': '账号和密码不能为空'}
2020-01-10 19:41:46,093 - test_logger - INFO - 实际结果是{'status': 1, 'result': {'Id': '16266', 'Safety': 'a191f509109ef66d99310dcfefd41ada', 'Password': '$2y$10$ksY71AFU2LBpzKawwgo7dOvkbiYEfXE0jCBTFsOVZm56QddkWZzaW', 'Face': 'https://upload.cc/i1/2019/08/09/Dc6KWB.jpeg', 'Uid': 'LT016266', 'Status': '1', 'Remark': '', 'Nickname': '民心所向', 'Level': '0'}}
2020-01-10 19:41:46,162 - test_logger - INFO - 实际结果是{'status': 0, 'msg': '账户不存在'}
2020-01-10 19:41:46,222 - test_logger - INFO - 实际结果是{'status': 0, 'msg': '账号和密码不能为空'}
2020-01-10 19:46:18,219 - test_logger - INFO - 实际结果是{'status': 1, 'result': {'Id': '16266', 'Safety': 'a370b18496931cecd4f938800937c413', 'Password': '$2y$10$ksY71AFU2LBpzKawwgo7dOvkbiYEfXE0jCBTFsOVZm56QddkWZzaW', 'Face': 'https://upload.cc/i1/2019/08/09/Dc6KWB.jpeg', 'Uid': 'LT016266', 'Status': '1', 'Remark': '', 'Nickname': '民心所向', 'Level': '0'}}
2020-01-10 19:46:18,285 - test_logger - INFO - 实际结果是{'status': 0, 'msg': '账户不存在'}
2020-01-10 19:46:18,347 - test_logger - INFO - 实际结果是{'status': 0, 'msg': '账号和密码不能为空'}
2020-01-10 19:47:51,539 - test_logger - INFO - 实际结果是{'status': 1, 'result': {'Id': '16266', 'Safety': '314caa06a3be0658587e4a26f3d917c1', 'Password': '$2y$10$ksY71AFU2LBpzKawwgo7dOvkbiYEfXE0jCBTFsOVZm56QddkWZzaW', 'Face': 'https://upload.cc/i1/2019/08/09/Dc6KWB.jpeg', 'Uid': 'LT016266', 'Status': '1', 'Remark': '', 'Nickname': '民心所向', 'Level': '0'}}
2020-01-10 19:47:51,599 - test_logger - INFO - 实际结果是{'status': 0, 'msg': '账户不存在'}
2020-01-10 19:47:51,657 - test_logger - INFO - 实际结果是{'status': 0, 'msg': '账号和密码不能为空'}
2020-01-10 19:51:14,391 - test_logger - INFO - 实际结果是{'status': 1, 'result': {'Id': '16266', 'Safety': '9b405bf7495b3b965ab2bade6849c10a', 'Password': '$2y$10$ksY71AFU2LBpzKawwgo7dOvkbiYEfXE0jCBTFsOVZm56QddkWZzaW', 'Face': 'https://upload.cc/i1/2019/08/09/Dc6KWB.jpeg', 'Uid': 'LT016266', 'Status': '1', 'Remark': '', 'Nickname': '民心所向', 'Level': '0'}}
2020-01-10 19:51:14,462 - test_logger - INFO - 实际结果是{'status': 0, 'msg': '账户不存在'}
2020-01-10 19:51:14,520 - test_logger - INFO - 实际结果是{'status': 0, 'msg': '账号和密码不能为空'}
2020-01-10 19:56:13,160 - test_logger - INFO - 实际结果是{'status': 1, 'result': {'Id': '16266', 'Safety': '983b3d7088eb288fe0caf95c22762d71', 'Password': '$2y$10$ksY71AFU2LBpzKawwgo7dOvkbiYEfXE0jCBTFsOVZm56QddkWZzaW', 'Face': 'https://upload.cc/i1/2019/08/09/Dc6KWB.jpeg', 'Uid': 'LT016266', 'Status': '1', 'Remark': '', 'Nickname': '民心所向', 'Level': '0'}}
2020-01-10 19:56:13,222 - test_logger - INFO - 实际结果是{'status': 0, 'msg': '账户不存在'}
2020-01-10 19:56:13,285 - test_logger - INFO - 实际结果是{'status': 0, 'msg': '账号和密码不能为空'}
2020-01-10 20:05:44,160 - test_logger - INFO - 实际结果是{'status': 1, 'result': {'Id': '16266', 'Safety': '0c25442af4ce76caaa0b4002701f535d', 'Password': '$2y$10$ksY71AFU2LBpzKawwgo7dOvkbiYEfXE0jCBTFsOVZm56QddkWZzaW', 'Face': 'https://upload.cc/i1/2019/08/09/Dc6KWB.jpeg', 'Uid': 'LT016266', 'Status': '1', 'Remark': '', 'Nickname': '民心所向', 'Level': '0'}}
2020-01-10 20:05:44,223 - test_logger - INFO - 实际结果是{'status': 0, 'msg': '账户不存在'}
2020-01-10 20:05:44,290 - test_logger - INFO - 实际结果是{'status': 0, 'msg': '账号和密码不能为空'}
2020-01-10 20:28:27,296 - test_logger - INFO - 实际结果是{'status': 1, 'result': {'Id': '16266', 'Safety': '140bb9f05a67454bfdff65947654b2b3', 'Password': '$2y$10$ksY71AFU2LBpzKawwgo7dOvkbiYEfXE0jCBTFsOVZm56QddkWZzaW', 'Face': 'https://upload.cc/i1/2019/08/09/Dc6KWB.jpeg', 'Uid': 'LT016266', 'Status': '1', 'Remark': '', 'Nickname': '民心所向', 'Level': '0'}}
2020-01-10 20:28:27,366 - test_logger - INFO - 实际结果是{'status': 0, 'msg': '账户不存在'}
2020-01-10 20:28:27,424 - test_logger - INFO - 实际结果是{'status': 0, 'msg': '账号和密码不能为空'}
2020-01-10 20:28:33,576 - test_logger - INFO - 实际结果是{'status': 1, 'result': {'Id': '16266', 'Safety': '5cc92b5659ce6bb1fc3a4a2bd40b9e1e', 'Password': '$2y$10$ksY71AFU2LBpzKawwgo7dOvkbiYEfXE0jCBTFsOVZm56QddkWZzaW', 'Face': 'https://upload.cc/i1/2019/08/09/Dc6KWB.jpeg', 'Uid': 'LT016266', 'Status': '1', 'Remark': '', 'Nickname': '民心所向', 'Level': '0'}}
2020-01-10 20:28:33,640 - test_logger - INFO - 实际结果是{'status': 0, 'msg': '账户不存在'}
2020-01-10 20:28:33,697 - test_logger - INFO - 实际结果是{'status': 0, 'msg': '账号和密码不能为空'}
2020-01-10 21:02:44,556 - test_logger - INFO - 实际结果是{'status': 1, 'result': {'Id': '16266', 'Safety': 'ff79ba4f3fb22d8f51de3cde08fe7445', 'Password': '$2y$10$ksY71AFU2LBpzKawwgo7dOvkbiYEfXE0jCBTFsOVZm56QddkWZzaW', 'Face': 'https://upload.cc/i1/2019/08/09/Dc6KWB.jpeg', 'Uid': 'LT016266', 'Status': '1', 'Remark': '', 'Nickname': '民心所向', 'Level': '0'}}
2020-01-10 21:02:44,627 - test_logger - INFO - 实际结果是{'status': 0, 'msg': '账户不存在'}
2020-01-10 21:02:45,688 - test_logger - INFO - 实际结果是{'status': 0, 'msg': '账号和密码不能为空'}
2020-01-11 08:51:15,379 - test_logger - INFO - 实际结果是{'status': 1, 'result': {'Id': '16266', 'Safety': '4e2e8a4eff1aa3bd1770cfdb487c7bf9', 'Password': '$2y$10$ksY71AFU2LBpzKawwgo7dOvkbiYEfXE0jCBTFsOVZm56QddkWZzaW', 'Face': 'https://upload.cc/i1/2019/08/09/Dc6KWB.jpeg', 'Uid': 'LT016266', 'Status': '1', 'Remark': '', 'Nickname': '民心所向', 'Level': '0'}}
2020-01-11 08:51:15,440 - test_logger - INFO - 实际结果是{'status': 0, 'msg': '账户不存在'}
2020-01-11 08:51:15,498 - test_logger - INFO - 实际结果是{'status': 0, 'msg': '账号和密码不能为空'}
2020-01-11 08:53:39,455 - test_logger - INFO - 实际结果是{'status': 1, 'result': {'Id': '16266', 'Safety': '4d64b0a21286ab25a5ea93179e6d0db0', 'Password': '$2y$10$ksY71AFU2LBpzKawwgo7dOvkbiYEfXE0jCBTFsOVZm56QddkWZzaW', 'Face': 'https://upload.cc/i1/2019/08/09/Dc6KWB.jpeg', 'Uid': 'LT016266', 'Status': '1', 'Remark': '', 'Nickname': '民心所向', 'Level': '0'}}
2020-01-11 08:53:39,518 - test_logger - INFO - 实际结果是{'status': 0, 'msg': '账户不存在'}
2020-01-11 08:53:39,575 - test_logger - INFO - 实际结果是{'status': 0, 'msg': '账号和密码不能为空'}
2020-01-11 08:53:59,429 - test_logger - INFO - 实际结果是{'status': 1, 'result': {'Id': '16266', 'Safety': '83c00b3fdf18c9f2e3c1236739689603', 'Password': '$2y$10$ksY71AFU2LBpzKawwgo7dOvkbiYEfXE0jCBTFsOVZm56QddkWZzaW', 'Face': 'https://upload.cc/i1/2019/08/09/Dc6KWB.jpeg', 'Uid': 'LT016266', 'Status': '1', 'Remark': '', 'Nickname': '民心所向', 'Level': '0'}}
2020-01-11 08:53:59,488 - test_logger - INFO - 实际结果是{'status': 0, 'msg': '账户不存在'}
2020-01-11 08:53:59,546 - test_logger - INFO - 实际结果是{'status': 0, 'msg': '账号和密码不能为空'}
2020-01-11 11:12:13,445 - test_logger - INFO - 这是测试信息
2020-01-11 11:17:52,829 - test_logger - INFO - 实际结果是{'status': 1, 'result': {'Id': '16266', 'Safety': '689719497fa68a211982ca8d74534b24', 'Password': '$2y$10$ksY71AFU2LBpzKawwgo7dOvkbiYEfXE0jCBTFsOVZm56QddkWZzaW', 'Face': 'https://upload.cc/i1/2019/08/09/Dc6KWB.jpeg', 'Uid': 'LT016266', 'Status': '1', 'Remark': '', 'Nickname': '民心所向', 'Level': '0'}}
2020-01-11 11:17:52,865 - test_logger - INFO - 实际结果是{'status': 0, 'msg': '账户不存在'}
2020-01-11 11:17:52,899 - test_logger - INFO - <class 'dict'>
2020-01-11 11:17:52,899 - test_logger - INFO - 实际结果是{'status': 0, 'msg': '账号和密码不能为空'}
2020-01-11 11:34:31,649 - test_logger - INFO - 实际结果是{'status': 1, 'result': {'Id': '16266', 'Safety': 'c40b7a5f2f8ff0cf4131366b25a2fd26', 'Password': '$2y$10$ksY71AFU2LBpzKawwgo7dOvkbiYEfXE0jCBTFsOVZm56QddkWZzaW', 'Face': 'https://upload.cc/i1/2019/08/09/Dc6KWB.jpeg', 'Uid': 'LT016266', 'Status': '1', 'Remark': '', 'Nickname': '民心所向', 'Level': '0'}}
2020-01-11 11:34:31,685 - test_logger - INFO - 实际结果是{'status': 0, 'msg': '账户不存在'}
2020-01-11 11:34:31,718 - test_logger - INFO - 实际结果是{'status': 0, 'msg': '账号和密码不能为空'}
2020-01-11 16:15:20,498 - test_logger - INFO - 实际结果是{'status': 0, 'msg': '账号和密码不能为空'}
2020-01-11 16:54:28,773 - test_logger - INFO - 实际结果是{'status': 1, 'result': {'Id': '16266', 'Safety': '1161b9d58d3b54ef0795d37214827028', 'Password': '$2y$10$ksY71AFU2LBpzKawwgo7dOvkbiYEfXE0jCBTFsOVZm56QddkWZzaW', 'Face': 'https://upload.cc/i1/2019/08/09/Dc6KWB.jpeg', 'Uid': 'LT016266', 'Status': '1', 'Remark': '', 'Nickname': '民心所向', 'Level': '0'}}
2020-01-11 16:54:28,865 - test_logger - INFO - 实际结果是{'status': 0, 'msg': '账户不存在'}
2020-01-11 16:54:28,990 - test_logger - INFO - 实际结果是{'status': 0, 'msg': '账号和密码不能为空'}
2020-01-13 14:48:32,546 - test_logger - INFO - 这是测试信息
2020-01-13 20:27:43,854 - test_logger - INFO - 实际结果是{'status': 1, 'result': {'Id': '16266', 'Safety': '72ac0ce06c7c5fd594423057e00f2b50', 'Password': '$2y$10$ksY71AFU2LBpzKawwgo7dOvkbiYEfXE0jCBTFsOVZm56QddkWZzaW', 'Face': 'https://upload.cc/i1/2019/08/09/Dc6KWB.jpeg', 'Uid': 'LT016266', 'Status': '1', 'Remark': '', 'Nickname': '民心所向', 'Level': '0'}}
2020-01-13 20:27:43,914 - test_logger - INFO - 实际结果是{'status': 0, 'msg': '账户不存在'}
2020-01-13 20:27:43,974 - test_logger - INFO - 实际结果是{'status': 0, 'msg': '账号和密码不能为空'}
2020-01-13 20:46:41,242 - test_logger - INFO - 实际结果是{'status': 1, 'result': {'Id': '16266', 'Safety': '505a255582cb84b4d08300ce4a0f5b7e', 'Password': '$2y$10$ksY71AFU2LBpzKawwgo7dOvkbiYEfXE0jCBTFsOVZm56QddkWZzaW', 'Face': 'https://upload.cc/i1/2019/08/09/Dc6KWB.jpeg', 'Uid': 'LT016266', 'Status': '1', 'Remark': '', 'Nickname': '民心所向', 'Level': '0'}}
2020-01-13 20:46:41,305 - test_logger - INFO - 实际结果是{'status': 0, 'msg': '账户不存在'}
2020-01-13 20:46:41,363 - test_logger - INFO - 实际结果是{'status': 0, 'msg': '账号和密码不能为空'}
2020-01-13 20:48:32,821 - test_logger - INFO - 这是测试信息
2020-01-14 11:53:54,063 - test_logger - INFO - 这是测试信息
2020-01-14 11:54:05,619 - test_logger - INFO - 实际结果是{'status': 1, 'result': {'Id': '16266', 'Safety': 'fe8a11848388449c2efba0fd82a8d228', 'Password': '$2y$10$ksY71AFU2LBpzKawwgo7dOvkbiYEfXE0jCBTFsOVZm56QddkWZzaW', 'Face': 'https://upload.cc/i1/2019/08/09/Dc6KWB.jpeg', 'Uid': 'LT016266', 'Status': '1', 'Remark': '', 'Nickname': '民心所向', 'Level': '0'}}
2020-01-14 11:54:05,684 - test_logger - INFO - 实际结果是{'status': 0, 'msg': '账户不存在'}
2020-01-14 11:54:05,749 - test_logger - INFO - 实际结果是{'status': 0, 'msg': '账号和密码不能为空'}
2020-01-14 11:54:32,182 - test_logger - INFO - 实际结果是{'status': 1, 'result': {'Id': '16266', 'Safety': 'be5b66969d23d82ab630b88a2615210e', 'Password': '$2y$10$ksY71AFU2LBpzKawwgo7dOvkbiYEfXE0jCBTFsOVZm56QddkWZzaW', 'Face': 'https://upload.cc/i1/2019/08/09/Dc6KWB.jpeg', 'Uid': 'LT016266', 'Status': '1', 'Remark': '', 'Nickname': '民心所向', 'Level': '0'}}
2020-01-14 11:54:32,242 - test_logger - INFO - 实际结果是{'status': 0, 'msg': '账户不存在'}
2020-01-14 11:54:32,302 - test_logger - INFO - 实际结果是{'status': 0, 'msg': '账号和密码不能为空'}
2020-01-14 14:43:19,274 - test_logger - INFO - 实际结果是{'status': 1, 'result': {'Id': '16266', 'Safety': '206c4a9565a3fb7b6e3a82d4b4dded11', 'Password': '$2y$10$ksY71AFU2LBpzKawwgo7dOvkbiYEfXE0jCBTFsOVZm56QddkWZzaW', 'Face': 'https://upload.cc/i1/2019/08/09/Dc6KWB.jpeg', 'Uid': 'LT016266', 'Status': '1', 'Remark': '', 'Nickname': '民心所向', 'Level': '0'}}
2020-01-14 14:43:19,335 - test_logger - INFO - 实际结果是{'status': 0, 'msg': '账户不存在'}
2020-01-14 14:43:19,395 - test_logger - INFO - 实际结果是{'status': 0, 'msg': '账号和密码不能为空'}
2020-01-14 14:53:24,847 - test_logger - INFO - 实际结果是{'status': 1, 'result': {'Id': '16266', 'Safety': 'ca2f51c7eda36a7293e6e5c12996b4c1', 'Password': '$2y$10$ksY71AFU2LBpzKawwgo7dOvkbiYEfXE0jCBTFsOVZm56QddkWZzaW', 'Face': 'https://upload.cc/i1/2019/08/09/Dc6KWB.jpeg', 'Uid': 'LT016266', 'Status': '1', 'Remark': '', 'Nickname': '民心所向', 'Level': '0'}}
2020-01-14 14:53:24,884 - test_logger - INFO - 实际结果是{'status': 0, 'msg': '账户不存在'}
2020-01-14 14:53:24,917 - test_logger - INFO - 实际结果是{'status': 0, 'msg': '账号和密码不能为空'}
2020-01-14 14:53:55,263 - test_logger - INFO - 实际结果是{'status': 1, 'result': {'Id': '16266', 'Safety': 'b4d080aee9eea9e19a1eae8d058ec7c4', 'Password': '$2y$10$ksY71AFU2LBpzKawwgo7dOvkbiYEfXE0jCBTFsOVZm56QddkWZzaW', 'Face': 'https://upload.cc/i1/2019/08/09/Dc6KWB.jpeg', 'Uid': 'LT016266', 'Status': '1', 'Remark': '', 'Nickname': '民心所向', 'Level': '0'}}
2020-01-14 14:53:55,300 - test_logger - INFO - 实际结果是{'status': 0, 'msg': '账户不存在'}
2020-01-14 14:53:55,333 - test_logger - INFO - 实际结果是{'status': 0, 'msg': '账号和密码不能为空'}
2020-01-14 14:54:13,583 - test_logger - INFO - 实际结果是{'status': 1, 'result': {'Id': '16266', 'Safety': 'f24e4b9228bc71deba4b83fc77746262', 'Password': '$2y$10$ksY71AFU2LBpzKawwgo7dOvkbiYEfXE0jCBTFsOVZm56QddkWZzaW', 'Face': 'https://upload.cc/i1/2019/08/09/Dc6KWB.jpeg', 'Uid': 'LT016266', 'Status': '1', 'Remark': '', 'Nickname': '民心所向', 'Level': '0'}}
2020-01-14 14:54:13,619 - test_logger - INFO - 实际结果是{'status': 0, 'msg': '账户不存在'}
2020-01-14 14:54:13,652 - test_logger - INFO - 实际结果是{'status': 0, 'msg': '账号和密码不能为空'}
2020-01-14 16:00:19,053 - test_logger - INFO - 实际结果是{'status': 1, 'result': {'Id': '16266', 'Safety': 'e036c698b1de704509f2024b91dda927', 'Password': '$2y$10$ksY71AFU2LBpzKawwgo7dOvkbiYEfXE0jCBTFsOVZm56QddkWZzaW', 'Face': 'https://upload.cc/i1/2019/08/09/Dc6KWB.jpeg', 'Uid': 'LT016266', 'Status': '1', 'Remark': '', 'Nickname': '民心所向', 'Level': '0'}}
2020-01-14 16:00:19,090 - test_logger - INFO - 实际结果是{'status': 0, 'msg': '账户不存在'}
2020-01-14 16:00:19,123 - test_logger - INFO - 实际结果是{'status': 0, 'msg': '账号和密码不能为空'}
2020-01-14 16:00:35,986 - test_logger - INFO - 实际结果是{'status': 1, 'result': {'Id': '16266', 'Safety': '451c7ae59c2e07a5919bca0628746aa3', 'Password': '$2y$10$ksY71AFU2LBpzKawwgo7dOvkbiYEfXE0jCBTFsOVZm56QddkWZzaW', 'Face': 'https://upload.cc/i1/2019/08/09/Dc6KWB.jpeg', 'Uid': 'LT016266', 'Status': '1', 'Remark': '', 'Nickname': '民心所向', 'Level': '0'}}
2020-01-14 16:00:36,023 - test_logger - INFO - 实际结果是{'status': 0, 'msg': '账户不存在'}
2020-01-14 16:00:36,057 - test_logger - INFO - 实际结果是{'status': 0, 'msg': '账号和密码不能为空'}
2020-01-14 16:03:58,414 - test_logger - INFO - 这是测试信息
2020-01-14 16:04:05,587 - test_logger - INFO - 实际结果是{'status': 1, 'result': {'Id': '16266', 'Safety': 'a5e777f97bdbfbe48211463449f46f49', 'Password': '$2y$10$ksY71AFU2LBpzKawwgo7dOvkbiYEfXE0jCBTFsOVZm56QddkWZzaW', 'Face': 'https://upload.cc/i1/2019/08/09/Dc6KWB.jpeg', 'Uid': 'LT016266', 'Status': '1', 'Remark': '', 'Nickname': '民心所向', 'Level': '0'}}
2020-01-14 16:04:05,622 - test_logger - INFO - 实际结果是{'status': 0, 'msg': '账户不存在'}
2020-01-14 16:04:05,654 - test_logger - INFO - 实际结果是{'status': 0, 'msg': '账号和密码不能为空'}
2020-01-14 16:05:53,795 - test_logger - INFO - 实际结果是{'status': 1, 'result': {'Id': '16266', 'Safety': '196b3151d7d75445c4bb6284b41a4d5b', 'Password': '$2y$10$ksY71AFU2LBpzKawwgo7dOvkbiYEfXE0jCBTFsOVZm56QddkWZzaW', 'Face': 'https://upload.cc/i1/2019/08/09/Dc6KWB.jpeg', 'Uid': 'LT016266', 'Status': '1', 'Remark': '', 'Nickname': '民心所向', 'Level': '0'}}
2020-01-14 16:05:53,832 - test_logger - INFO - 实际结果是{'status': 0, 'msg': '账户不存在'}
2020-01-14 16:05:53,866 - test_logger - INFO - 实际结果是{'status': 0, 'msg': '账号和密码不能为空'}
2020-01-14 16:05:56,708 - test_logger - INFO - 实际结果是{'status': 1, 'result': {'Id': '16266', 'Safety': 'e6e13c243770710dc334b31bb231e878', 'Password': '$2y$10$ksY71AFU2LBpzKawwgo7dOvkbiYEfXE0jCBTFsOVZm56QddkWZzaW', 'Face': 'https://upload.cc/i1/2019/08/09/Dc6KWB.jpeg', 'Uid': 'LT016266', 'Status': '1', 'Remark': '', 'Nickname': '民心所向', 'Level': '0'}}
2020-01-14 16:05:56,745 - test_logger - INFO - 实际结果是{'status': 0, 'msg': '账户不存在'}
2020-01-14 16:05:56,779 - test_logger - INFO - 实际结果是{'status': 0, 'msg': '账号和密码不能为空'}
2020-01-14 18:09:40,951 - test_logger - INFO - 实际结果是{'status': 1, 'result': {'Id': '16266', 'Safety': '7daa6d6b60eaef1b8e182d8fe211f534', 'Password': '$2y$10$ksY71AFU2LBpzKawwgo7dOvkbiYEfXE0jCBTFsOVZm56QddkWZzaW', 'Face': 'https://upload.cc/i1/2019/08/09/Dc6KWB.jpeg', 'Uid': 'LT016266', 'Status': '1', 'Remark': '', 'Nickname': '民心所向', 'Level': '0'}}
2020-01-14 18:09:40,987 - test_logger - INFO - 实际结果是{'status': 0, 'msg': '账户不存在'}
2020-01-14 18:09:41,020 - test_logger - INFO - 实际结果是{'status': 0, 'msg': '账号和密码不能为空'}
2020-01-14 18:11:04,901 - test_logger - INFO - 实际结果是{'status': 1, 'result': {'Id': '16266', 'Safety': 'c08d832e737340a791df1dfff0ccdf46', 'Password': '$2y$10$ksY71AFU2LBpzKawwgo7dOvkbiYEfXE0jCBTFsOVZm56QddkWZzaW', 'Face': 'https://upload.cc/i1/2019/08/09/Dc6KWB.jpeg', 'Uid': 'LT016266', 'Status': '1', 'Remark': '', 'Nickname': '民心所向', 'Level': '0'}}
2020-01-14 18:11:04,938 - test_logger - INFO - 实际结果是{'status': 0, 'msg': '账户不存在'}
2020-01-14 18:11:04,971 - test_logger - INFO - 实际结果是{'status': 0, 'msg': '账号和密码不能为空'}
2020-01-14 18:19:02,272 - test_logger - INFO - 实际结果是{'status': 1, 'result': {'Id': '16266', 'Safety': '18f6ac19da4eafd559ab6384237f6f52', 'Password': '$2y$10$ksY71AFU2LBpzKawwgo7dOvkbiYEfXE0jCBTFsOVZm56QddkWZzaW', 'Face': 'https://upload.cc/i1/2019/08/09/Dc6KWB.jpeg', 'Uid': 'LT016266', 'Status': '1', 'Remark': '', 'Nickname': '民心所向', 'Level': '0'}}
2020-01-14 18:19:02,310 - test_logger - INFO - 实际结果是{'status': 0, 'msg': '账户不存在'}
2020-01-14 18:19:02,348 - test_logger - INFO - 实际结果是{'status': 0, 'msg': '账号和密码不能为空'}
2020-01-14 20:27:01,492 - test_logger - INFO - 实际结果是{'status': 1, 'result': {'Id': '16266', 'Safety': '3d05b05dfcfb97111524700e84534e59', 'Password': '$2y$10$ksY71AFU2LBpzKawwgo7dOvkbiYEfXE0jCBTFsOVZm56QddkWZzaW', 'Face': 'https://upload.cc/i1/2019/08/09/Dc6KWB.jpeg', 'Uid': 'LT016266', 'Status': '1', 'Remark': '', 'Nickname': '民心所向', 'Level': '0'}}
2020-01-14 20:27:01,528 - test_logger - INFO - 实际结果是{'status': 0, 'msg': '账户不存在'}
2020-01-14 20:27:01,562 - test_logger - INFO - 实际结果是{'status': 0, 'msg': '账号和密码不能为空'}
2020-01-14 20:28:41,325 - test_logger - INFO - 实际结果是{'status': 1, 'result': {'Id': '16266', 'Safety': 'a7b571cc27587ae2dcd3b74523cf795d', 'Password': '$2y$10$ksY71AFU2LBpzKawwgo7dOvkbiYEfXE0jCBTFsOVZm56QddkWZzaW', 'Face': 'https://upload.cc/i1/2019/08/09/Dc6KWB.jpeg', 'Uid': 'LT016266', 'Status': '1', 'Remark': '', 'Nickname': '民心所向', 'Level': '0'}}
2020-01-14 20:28:41,363 - test_logger - INFO - 实际结果是{'status': 0, 'msg': '账户不存在'}
2020-01-14 20:28:41,396 - test_logger - INFO - 实际结果是{'status': 0, 'msg': '账号和密码不能为空'}
2020-01-14 20:29:14,256 - test_logger - INFO - 实际结果是{'status': 1, 'result': {'Id': '16266', 'Safety': '02d85a7968fb93f3a2451a775faeeb9e', 'Password': '$2y$10$ksY71AFU2LBpzKawwgo7dOvkbiYEfXE0jCBTFsOVZm56QddkWZzaW', 'Face': 'https://upload.cc/i1/2019/08/09/Dc6KWB.jpeg', 'Uid': 'LT016266', 'Status': '1', 'Remark': '', 'Nickname': '民心所向', 'Level': '0'}}
2020-01-14 20:29:14,293 - test_logger - INFO - 实际结果是{'status': 0, 'msg': '账户不存在'}
2020-01-14 20:29:14,329 - test_logger - INFO - 实际结果是{'status': 0, 'msg': '账号和密码不能为空'}
2020-01-15 09:01:04,304 - test_logger - INFO - 实际结果是{'status': 1, 'result': {'Id': '16266', 'Safety': '5613bbc3afd4893d07328398230d2588', 'Password': '$2y$10$ksY71AFU2LBpzKawwgo7dOvkbiYEfXE0jCBTFsOVZm56QddkWZzaW', 'Face': 'https://upload.cc/i1/2019/08/09/Dc6KWB.jpeg', 'Uid': 'LT016266', 'Status': '1', 'Remark': '', 'Nickname': '民心所向', 'Level': '0'}}
2020-01-15 09:01:04,341 - test_logger - INFO - 实际结果是{'status': 0, 'msg': '账户不存在'}
2020-01-15 09:01:04,374 - test_logger - INFO - 实际结果是{'status': 0, 'msg': '账号和密码不能为空'}
2020-01-15 09:22:33,319 - test_logger - INFO - 实际结果是{'status': 1, 'result': {'Id': '16266', 'Safety': 'e0c1a1cd54e9b632b04ff3800cde2bed', 'Password': '$2y$10$ksY71AFU2LBpzKawwgo7dOvkbiYEfXE0jCBTFsOVZm56QddkWZzaW', 'Face': 'https://upload.cc/i1/2019/08/09/Dc6KWB.jpeg', 'Uid': 'LT016266', 'Status': '1', 'Remark': '', 'Nickname': '民心所向', 'Level': '0'}}
2020-01-15 09:22:33,355 - test_logger - INFO - 实际结果是{'status': 0, 'msg': '账户不存在'}
2020-01-15 09:22:33,387 - test_logger - INFO - 实际结果是{'status': 0, 'msg': '账号和密码不能为空'}
2020-01-15 09:47:12,120 - test_logger - INFO - 实际结果是{'status': 1, 'result': {'Id': '16266', 'Safety': 'e57016bb6dfcbed8c27163ea19209eab', 'Password': '$2y$10$ksY71AFU2LBpzKawwgo7dOvkbiYEfXE0jCBTFsOVZm56QddkWZzaW', 'Face': 'https://upload.cc/i1/2019/08/09/Dc6KWB.jpeg', 'Uid': 'LT016266', 'Status': '1', 'Remark': '', 'Nickname': '民心所向', 'Level': '0'}}
2020-01-15 09:47:12,159 - test_logger - INFO - 实际结果是{'status': 0, 'msg': '账户不存在'}
2020-01-15 09:47:12,194 - test_logger - INFO - 实际结果是{'status': 0, 'msg': '账号和密码不能为空'}
2020-01-15 09:49:05,305 - test_logger - INFO - 实际结果是{'status': 1, 'result': {'Id': '16266', 'Safety': 'a5333f88c790b917f4d5162bc0fce687', 'Password': '$2y$10$ksY71AFU2LBpzKawwgo7dOvkbiYEfXE0jCBTFsOVZm56QddkWZzaW', 'Face': 'https://upload.cc/i1/2019/08/09/Dc6KWB.jpeg', 'Uid': 'LT016266', 'Status': '1', 'Remark': '', 'Nickname': '民心所向', 'Level': '0'}}
2020-01-15 09:49:05,342 - test_logger - INFO - 实际结果是{'status': 0, 'msg': '账户不存在'}
2020-01-15 09:49:05,375 - test_logger - INFO - 实际结果是{'status': 0, 'msg': '账号和密码不能为空'}
2020-01-15 09:50:35,900 - test_logger - INFO - 实际结果是{'status': 1, 'result': {'Id': '16266', 'Safety': 'f82c2d9669c6b8dda12c2bf868642f1b', 'Password': '$2y$10$ksY71AFU2LBpzKawwgo7dOvkbiYEfXE0jCBTFsOVZm56QddkWZzaW', 'Face': 'https://upload.cc/i1/2019/08/09/Dc6KWB.jpeg', 'Uid': 'LT016266', 'Status': '1', 'Remark': '', 'Nickname': '民心所向', 'Level': '0'}}
2020-01-15 09:50:35,936 - test_logger - INFO - 实际结果是{'status': 0, 'msg': '账户不存在'}
2020-01-15 09:50:35,970 - test_logger - INFO - 实际结果是{'status': 0, 'msg': '账号和密码不能为空'}
2020-01-15 09:53:41,614 - test_logger - INFO - 实际结果是{'status': 1, 'result': {'Id': '16266', 'Safety': '3ee099fc8e4d319b0b43039808d06894', 'Password': '$2y$10$ksY71AFU2LBpzKawwgo7dOvkbiYEfXE0jCBTFsOVZm56QddkWZzaW', 'Face': 'https://upload.cc/i1/2019/08/09/Dc6KWB.jpeg', 'Uid': 'LT016266', 'Status': '1', 'Remark': '', 'Nickname': '民心所向', 'Level': '0'}}
2020-01-15 09:53:41,651 - test_logger - INFO - 实际结果是{'status': 0, 'msg': '账户不存在'}
2020-01-15 09:53:41,686 - test_logger - INFO - 实际结果是{'status': 0, 'msg': '账号和密码不能为空'}
2020-01-15 10:02:43,604 - test_logger - INFO - 实际结果是{'status': 1, 'result': {'Id': '16266', 'Safety': '23f116b58dea3cea55dbf219e0a5a133', 'Password': '$2y$10$ksY71AFU2LBpzKawwgo7dOvkbiYEfXE0jCBTFsOVZm56QddkWZzaW', 'Face': 'https://upload.cc/i1/2019/08/09/Dc6KWB.jpeg', 'Uid': 'LT016266', 'Status': '1', 'Remark': '', 'Nickname': '民心所向', 'Level': '0'}}
2020-01-15 10:02:43,663 - test_logger - INFO - 实际结果是{'status': 0, 'msg': '账户不存在'}
2020-01-15 10:02:43,721 - test_logger - INFO - 实际结果是{'status': 0, 'msg': '账号和密码不能为空'}
2020-01-15 10:03:13,874 - test_logger - INFO - 实际结果是{'status': 1, 'result': {'Id': '16266', 'Safety': '7a710cedcde1748bb7993bac6c9068d6', 'Password': '$2y$10$ksY71AFU2LBpzKawwgo7dOvkbiYEfXE0jCBTFsOVZm56QddkWZzaW', 'Face': 'https://upload.cc/i1/2019/08/09/Dc6KWB.jpeg', 'Uid': 'LT016266', 'Status': '1', 'Remark': '', 'Nickname': '民心所向', 'Level': '0'}}
2020-01-15 10:03:13,938 - test_logger - INFO - 实际结果是{'status': 0, 'msg': '账户不存在'}
2020-01-15 10:03:13,997 - test_logger - INFO - 实际结果是{'status': 0, 'msg': '账号和密码不能为空'}
2020-01-15 10:03:18,347 - test_logger - INFO - 实际结果是{'status': 1, 'result': {'Id': '16266', 'Safety': '97fbc35397a17804825da228d1460723', 'Password': '$2y$10$ksY71AFU2LBpzKawwgo7dOvkbiYEfXE0jCBTFsOVZm56QddkWZzaW', 'Face': 'https://upload.cc/i1/2019/08/09/Dc6KWB.jpeg', 'Uid': 'LT016266', 'Status': '1', 'Remark': '', 'Nickname': '民心所向', 'Level': '0'}}
2020-01-15 10:03:18,408 - test_logger - INFO - 实际结果是{'status': 0, 'msg': '账户不存在'}
2020-01-15 10:03:18,463 - test_logger - INFO - 实际结果是{'status': 0, 'msg': '账号和密码不能为空'}
2020-01-15 10:05:05,430 - test_logger - INFO - 实际结果是{'status': 1, 'result': {'Id': '16266', 'Safety': 'cf3dafb069784d4093619af25c6898c4', 'Password': '$2y$10$ksY71AFU2LBpzKawwgo7dOvkbiYEfXE0jCBTFsOVZm56QddkWZzaW', 'Face': 'https://upload.cc/i1/2019/08/09/Dc6KWB.jpeg', 'Uid': 'LT016266', 'Status': '1', 'Remark': '', 'Nickname': '民心所向', 'Level': '0'}}
2020-01-15 10:05:05,493 - test_logger - INFO - 实际结果是{'status': 0, 'msg': '账户不存在'}
2020-01-15 10:05:05,555 - test_logger - INFO - 实际结果是{'status': 0, 'msg': '账号和密码不能为空'}
2020-01-15 10:11:25,595 - test_logger - INFO - 实际结果是{'status': 1, 'result': {'Id': '16266', 'Safety': '131a9839ab1c65fe95ee99e432e5f6b6', 'Password': '$2y$10$ksY71AFU2LBpzKawwgo7dOvkbiYEfXE0jCBTFsOVZm56QddkWZzaW', 'Face': 'https://upload.cc/i1/2019/08/09/Dc6KWB.jpeg', 'Uid': 'LT016266', 'Status': '1', 'Remark': '', 'Nickname': '民心所向', 'Level': '0'}}
2020-01-15 10:11:25,655 - test_logger - INFO - 实际结果是{'status': 0, 'msg': '账户不存在'}
2020-01-15 10:11:25,713 - test_logger - INFO - 实际结果是{'status': 0, 'msg': '账号和密码不能为空'}
2020-01-15 10:12:38,645 - test_logger - INFO - 实际结果是{'status': 1, 'result': {'Id': '16266', 'Safety': 'e6128b978f0fcb52494355f752a6a77f', 'Password': '$2y$10$ksY71AFU2LBpzKawwgo7dOvkbiYEfXE0jCBTFsOVZm56QddkWZzaW', 'Face': 'https://upload.cc/i1/2019/08/09/Dc6KWB.jpeg', 'Uid': 'LT016266', 'Status': '1', 'Remark': '', 'Nickname': '民心所向', 'Level': '0'}}
2020-01-15 10:12:38,705 - test_logger - INFO - 实际结果是{'status': 0, 'msg': '账户不存在'}
2020-01-15 10:12:38,760 - test_logger - INFO - 实际结果是{'status': 0, 'msg': '账号和密码不能为空'}
2020-01-15 10:23:15,711 - test_logger - INFO - 实际结果是{'status': 1, 'result': {'Id': '16266', 'Safety': 'f8c95c16e96486ea1eb7e2f9d4900ebb', 'Password': '$2y$10$ksY71AFU2LBpzKawwgo7dOvkbiYEfXE0jCBTFsOVZm56QddkWZzaW', 'Face': 'https://upload.cc/i1/2019/08/09/Dc6KWB.jpeg', 'Uid': 'LT016266', 'Status': '1', 'Remark': '', 'Nickname': '民心所向', 'Level': '0'}}
2020-01-15 10:23:15,773 - test_logger - INFO - 实际结果是{'status': 0, 'msg': '账户不存在'}
2020-01-15 10:23:15,832 - test_logger - INFO - 实际结果是{'status': 0, 'msg': '账号和密码不能为空'}
2020-01-15 10:23:21,368 - test_logger - INFO - 实际结果是{'status': 1, 'result': {'Id': '16266', 'Safety': '334f6e167d4ef200c560a25b5f6668b9', 'Password': '$2y$10$ksY71AFU2LBpzKawwgo7dOvkbiYEfXE0jCBTFsOVZm56QddkWZzaW', 'Face': 'https://upload.cc/i1/2019/08/09/Dc6KWB.jpeg', 'Uid': 'LT016266', 'Status': '1', 'Remark': '', 'Nickname': '民心所向', 'Level': '0'}}
2020-01-15 10:23:21,431 - test_logger - INFO - 实际结果是{'status': 0, 'msg': '账户不存在'}
2020-01-15 10:23:21,489 - test_logger - INFO - 实际结果是{'status': 0, 'msg': '账号和密码不能为空'}
2020-01-15 10:29:26,526 - test_logger - INFO - 实际结果是{'status': 1, 'result': {'Id': '16266', 'Safety': '7a13cfbb7c5f65d2268a776ebc397095', 'Password': '$2y$10$ksY71AFU2LBpzKawwgo7dOvkbiYEfXE0jCBTFsOVZm56QddkWZzaW', 'Face': 'https://upload.cc/i1/2019/08/09/Dc6KWB.jpeg', 'Uid': 'LT016266', 'Status': '1', 'Remark': '', 'Nickname': '民心所向', 'Level': '0'}}
2020-01-15 10:29:26,588 - test_logger - INFO - 实际结果是{'status': 0, 'msg': '账户不存在'}
2020-01-15 10:29:26,643 - test_logger - INFO - 实际结果是{'status': 0, 'msg': '账号和密码不能为空'}
2020-01-15 10:32:02,688 - test_logger - INFO - 实际结果是{'status': 1, 'result': {'Id': '16266', 'Safety': '3ac76c0ef8456b52a71f472c331b6625', 'Password': '$2y$10$ksY71AFU2LBpzKawwgo7dOvkbiYEfXE0jCBTFsOVZm56QddkWZzaW', 'Face': 'https://upload.cc/i1/2019/08/09/Dc6KWB.jpeg', 'Uid': 'LT016266', 'Status': '1', 'Remark': '', 'Nickname': '民心所向', 'Level': '0'}}
2020-01-15 10:32:02,752 - test_logger - INFO - 实际结果是{'status': 0, 'msg': '账户不存在'}
2020-01-15 10:32:02,817 - test_logger - INFO - 实际结果是{'status': 0, 'msg': '账号和密码不能为空'}
2020-01-15 10:41:56,687 - test_logger - INFO - 实际结果是{'status': 1, 'result': {'Id': '16266', 'Safety': '55034651ef7625562f20bb5074de1952', 'Password': '$2y$10$ksY71AFU2LBpzKawwgo7dOvkbiYEfXE0jCBTFsOVZm56QddkWZzaW', 'Face': 'https://upload.cc/i1/2019/08/09/Dc6KWB.jpeg', 'Uid': 'LT016266', 'Status': '1', 'Remark': '', 'Nickname': '民心所向', 'Level': '0'}}
2020-01-15 10:41:56,753 - test_logger - INFO - 实际结果是{'status': 0, 'msg': '账户不存在'}
2020-01-15 10:41:56,812 - test_logger - INFO - 实际结果是{'status': 0, 'msg': '账号和密码不能为空'}
2020-01-15 10:47:12,217 - test_logger - INFO - 实际结果是{'status': 1, 'result': {'Id': '16266', 'Safety': 'ea2ec46c4d2f94b5e79790d425b15296', 'Password': '$2y$10$ksY71AFU2LBpzKawwgo7dOvkbiYEfXE0jCBTFsOVZm56QddkWZzaW', 'Face': 'https://upload.cc/i1/2019/08/09/Dc6KWB.jpeg', 'Uid': 'LT016266', 'Status': '1', 'Remark': '', 'Nickname': '民心所向', 'Level': '0'}}
2020-01-15 10:47:12,279 - test_logger - INFO - 实际结果是{'status': 0, 'msg': '账户不存在'}
2020-01-15 10:47:12,335 - test_logger - INFO - 实际结果是{'status': 0, 'msg': '账号和密码不能为空'}
2020-01-15 10:49:02,873 - test_logger - INFO - 实际结果是{'status': 1, 'result': {'Id': '16266', 'Safety': '6d26f3b7673e76aa2b21c6d58b9110d7', 'Password': '$2y$10$ksY71AFU2LBpzKawwgo7dOvkbiYEfXE0jCBTFsOVZm56QddkWZzaW', 'Face': 'https://upload.cc/i1/2019/08/09/Dc6KWB.jpeg', 'Uid': 'LT016266', 'Status': '1', 'Remark': '', 'Nickname': '民心所向', 'Level': '0'}}
2020-01-15 10:49:02,936 - test_logger - INFO - 实际结果是{'status': 0, 'msg': '账户不存在'}
2020-01-15 10:49:02,993 - test_logger - INFO - 实际结果是{'status': 0, 'msg': '账号和密码不能为空'}
2020-01-15 10:53:32,185 - test_logger - INFO - 实际结果是{'status': 1, 'result': {'Id': '16266', 'Safety': '052393f52db1e029e3f72b39d6c5975a', 'Password': '$2y$10$ksY71AFU2LBpzKawwgo7dOvkbiYEfXE0jCBTFsOVZm56QddkWZzaW', 'Face': 'https://upload.cc/i1/2019/08/09/Dc6KWB.jpeg', 'Uid': 'LT016266', 'Status': '1', 'Remark': '', 'Nickname': '民心所向', 'Level': '0'}}
2020-01-15 10:53:32,250 - test_logger - INFO - 实际结果是{'status': 0, 'msg': '账户不存在'}
2020-01-15 10:53:32,305 - test_logger - INFO - 实际结果是{'status': 0, 'msg': '账号和密码不能为空'}
2020-01-15 11:18:27,854 - test_logger - INFO - 实际结果是{'status': 1, 'result': {'Id': '16266', 'Safety': '54828227c24b609a9699195ea7b66bb0', 'Password': '$2y$10$ksY71AFU2LBpzKawwgo7dOvkbiYEfXE0jCBTFsOVZm56QddkWZzaW', 'Face': 'https://upload.cc/i1/2019/08/09/Dc6KWB.jpeg', 'Uid': 'LT016266', 'Status': '1', 'Remark': '', 'Nickname': '民心所向', 'Level': '0'}}
2020-01-15 11:18:27,915 - test_logger - INFO - 实际结果是{'status': 0, 'msg': '账户不存在'}
2020-01-15 11:18:27,973 - test_logger - INFO - 实际结果是{'status': 0, 'msg': '账号和密码不能为空'}
2020-01-15 11:24:38,941 - test_logger - INFO - 实际结果是{'status': 1, 'result': {'Id': '16266', 'Safety': 'ce518e6d354038f01c5a7536a260f11f', 'Password': '$2y$10$ksY71AFU2LBpzKawwgo7dOvkbiYEfXE0jCBTFsOVZm56QddkWZzaW', 'Face': 'https://upload.cc/i1/2019/08/09/Dc6KWB.jpeg', 'Uid': 'LT016266', 'Status': '1', 'Remark': '', 'Nickname': '民心所向', 'Level': '0'}}
2020-01-15 11:24:39,000 - test_logger - INFO - 实际结果是{'status': 0, 'msg': '账户不存在'}
2020-01-15 11:24:39,059 - test_logger - INFO - 实际结果是{'status': 0, 'msg': '账号和密码不能为空'}
2020-01-15 13:25:08,214 - test_logger - INFO - 实际结果是{'status': 1, 'result': {'Id': '16266', 'Safety': '6d79c51e5bbf290752cd947072b7e8d4', 'Password': '$2y$10$ksY71AFU2LBpzKawwgo7dOvkbiYEfXE0jCBTFsOVZm56QddkWZzaW', 'Face': 'https://upload.cc/i1/2019/08/09/Dc6KWB.jpeg', 'Uid': 'LT016266', 'Status': '1', 'Remark': '', 'Nickname': '民心所向', 'Level': '0'}}
2020-01-15 13:25:08,276 - test_logger - INFO - 实际结果是{'status': 0, 'msg': '账户不存在'}
2020-01-15 13:25:08,335 - test_logger - INFO - 实际结果是{'status': 0, 'msg': '账号和密码不能为空'}
2020-01-15 13:27:17,873 - test_logger - INFO - 实际结果是{'status': 1, 'result': {'Id': '16266', 'Safety': '38a5573278c76bddd2d31f08cf5ddb17', 'Password': '$2y$10$ksY71AFU2LBpzKawwgo7dOvkbiYEfXE0jCBTFsOVZm56QddkWZzaW', 'Face': 'https://upload.cc/i1/2019/08/09/Dc6KWB.jpeg', 'Uid': 'LT016266', 'Status': '1', 'Remark': '', 'Nickname': '民心所向', 'Level': '0'}}
2020-01-15 13:27:17,937 - test_logger - INFO - 实际结果是{'status': 0, 'msg': '账户不存在'}
2020-01-15 13:27:17,997 - test_logger - INFO - 实际结果是{'status': 0, 'msg': '账号和密码不能为空'}
2020-01-15 13:30:34,774 - test_logger - INFO - 实际结果是{'status': 1, 'result': {'Id': '16266', 'Safety': '449f443d0f16331bd80cf1cc95e9d61b', 'Password': '$2y$10$ksY71AFU2LBpzKawwgo7dOvkbiYEfXE0jCBTFsOVZm56QddkWZzaW', 'Face': 'https://upload.cc/i1/2019/08/09/Dc6KWB.jpeg', 'Uid': 'LT016266', 'Status': '1', 'Remark': '', 'Nickname': '民心所向', 'Level': '0'}}
2020-01-15 13:30:34,857 - test_logger - INFO - 实际结果是{'status': 0, 'msg': '账户不存在'}
2020-01-15 13:30:34,926 - test_logger - INFO - 实际结果是{'status': 0, 'msg': '账号和密码不能为空'}
2020-01-15 13:31:12,558 - test_logger - INFO - 实际结果是{'status': 1, 'result': {'Id': '16266', 'Safety': '29992028de674fa225916d9fd50c3272', 'Password': '$2y$10$ksY71AFU2LBpzKawwgo7dOvkbiYEfXE0jCBTFsOVZm56QddkWZzaW', 'Face': 'https://upload.cc/i1/2019/08/09/Dc6KWB.jpeg', 'Uid': 'LT016266', 'Status': '1', 'Remark': '', 'Nickname': '民心所向', 'Level': '0'}}
2020-01-15 13:31:12,621 - test_logger - INFO - 实际结果是{'status': 0, 'msg': '账户不存在'}
2020-01-15 13:31:12,681 - test_logger - INFO - 实际结果是{'status': 0, 'msg': '账号和密码不能为空'}
2020-01-15 13:31:46,806 - test_logger - INFO - 实际结果是{'status': 1, 'result': {'Id': '16266', 'Safety': '1c4ba238ff38ea5b3cfc0921cf380a54', 'Password': '$2y$10$ksY71AFU2LBpzKawwgo7dOvkbiYEfXE0jCBTFsOVZm56QddkWZzaW', 'Face': 'https://upload.cc/i1/2019/08/09/Dc6KWB.jpeg', 'Uid': 'LT016266', 'Status': '1', 'Remark': '', 'Nickname': '民心所向', 'Level': '0'}}
2020-01-15 13:31:46,880 - test_logger - INFO - 实际结果是{'status': 0, 'msg': '账户不存在'}
2020-01-15 13:31:46,940 - test_logger - INFO - 实际结果是{'status': 0, 'msg': '账号和密码不能为空'}
2020-01-15 13:35:17,370 - test_logger - INFO - 实际结果是{'status': 1, 'result': {'Id': '16266', 'Safety': 'f165ab32b7f8196ed985fb324ea32a0e', 'Password': '$2y$10$ksY71AFU2LBpzKawwgo7dOvkbiYEfXE0jCBTFsOVZm56QddkWZzaW', 'Face': 'https://upload.cc/i1/2019/08/09/Dc6KWB.jpeg', 'Uid': 'LT016266', 'Status': '1', 'Remark': '', 'Nickname': '民心所向', 'Level': '0'}}
2020-01-15 13:35:17,440 - test_logger - INFO - 实际结果是{'status': 0, 'msg': '账户不存在'}
2020-01-15 13:35:17,496 - test_logger - INFO - 实际结果是{'status': 0, 'msg': '账号和密码不能为空'}
2020-01-15 13:36:01,085 - test_logger - INFO - 实际结果是{'status': 1, 'result': {'Id': '16266', 'Safety': '71e3b2d2434ab4f82062efd0bc824026', 'Password': '$2y$10$ksY71AFU2LBpzKawwgo7dOvkbiYEfXE0jCBTFsOVZm56QddkWZzaW', 'Face': 'https://upload.cc/i1/2019/08/09/Dc6KWB.jpeg', 'Uid': 'LT016266', 'Status': '1', 'Remark': '', 'Nickname': '民心所向', 'Level': '0'}}
2020-01-15 13:36:01,161 - test_logger - INFO - 实际结果是{'status': 0, 'msg': '账户不存在'}
2020-01-15 13:36:01,222 - test_logger - INFO - 实际结果是{'status': 0, 'msg': '账号和密码不能为空'}
2020-01-15 13:36:54,521 - test_logger - INFO - 实际结果是{'status': 1, 'result': {'Id': '16266', 'Safety': '881722e19c47132a5847ab2133a1a42e', 'Password': '$2y$10$ksY71AFU2LBpzKawwgo7dOvkbiYEfXE0jCBTFsOVZm56QddkWZzaW', 'Face': 'https://upload.cc/i1/2019/08/09/Dc6KWB.jpeg', 'Uid': 'LT016266', 'Status': '1', 'Remark': '', 'Nickname': '民心所向', 'Level': '0'}}
2020-01-15 13:36:54,584 - test_logger - INFO - 实际结果是{'status': 0, 'msg': '账户不存在'}
2020-01-15 13:36:54,643 - test_logger - INFO - 实际结果是{'status': 0, 'msg': '账号和密码不能为空'}
2020-01-15 13:37:13,166 - test_logger - INFO - 实际结果是{'status': 1, 'result': {'Id': '16266', 'Safety': 'cebae8fc0d118abe89075c57fceafb74', 'Password': '$2y$10$ksY71AFU2LBpzKawwgo7dOvkbiYEfXE0jCBTFsOVZm56QddkWZzaW', 'Face': 'https://upload.cc/i1/2019/08/09/Dc6KWB.jpeg', 'Uid': 'LT016266', 'Status': '1', 'Remark': '', 'Nickname': '民心所向', 'Level': '0'}}
2020-01-15 13:37:13,236 - test_logger - INFO - 实际结果是{'status': 0, 'msg': '账户不存在'}
2020-01-15 13:37:13,293 - test_logger - INFO - 实际结果是{'status': 0, 'msg': '账号和密码不能为空'}
2020-01-15 13:45:33,854 - test_logger - INFO - 实际结果是{'status': 1, 'result': {'Id': '16266', 'Safety': 'cb995f5ac67d8951e931ee51268d9913', 'Password': '$2y$10$ksY71AFU2LBpzKawwgo7dOvkbiYEfXE0jCBTFsOVZm56QddkWZzaW', 'Face': 'https://upload.cc/i1/2019/08/09/Dc6KWB.jpeg', 'Uid': 'LT016266', 'Status': '1', 'Remark': '', 'Nickname': '民心所向', 'Level': '0'}}
2020-01-15 13:45:33,893 - test_logger - INFO - 实际结果是{'status': 0, 'msg': '账户不存在'}
2020-01-15 13:45:33,930 - test_logger - INFO - 实际结果是{'status': 0, 'msg': '账号和密码不能为空'}
2020-01-15 13:51:54,016 - test_logger - INFO - 实际结果是{'status': 1, 'result': {'Id': '16266', 'Safety': 'c173d28d462b2568d35edf19a50d2459', 'Password': '$2y$10$ksY71AFU2LBpzKawwgo7dOvkbiYEfXE0jCBTFsOVZm56QddkWZzaW', 'Face': 'https://upload.cc/i1/2019/08/09/Dc6KWB.jpeg', 'Uid': 'LT016266', 'Status': '1', 'Remark': '', 'Nickname': '民心所向', 'Level': '0'}}
2020-01-15 13:51:54,064 - test_logger - INFO - 实际结果是{'status': 0, 'msg': '账户不存在'}
2020-01-15 13:51:54,104 - test_logger - INFO - 实际结果是{'status': 0, 'msg': '账号和密码不能为空'}
2020-01-15 14:20:56,831 - test_logger - INFO - 实际结果是{'status': 1, 'result': {'Id': '16266', 'Safety': '2b3aa20aee91d33869c45836e4915543', 'Password': '$2y$10$ksY71AFU2LBpzKawwgo7dOvkbiYEfXE0jCBTFsOVZm56QddkWZzaW', 'Face': 'https://upload.cc/i1/2019/08/09/Dc6KWB.jpeg', 'Uid': 'LT016266', 'Status': '1', 'Remark': '', 'Nickname': '民心所向', 'Level': '0'}}
2020-01-15 14:20:56,869 - test_logger - INFO - 实际结果是{'status': 0, 'msg': '账户不存在'}
2020-01-15 14:20:56,905 - test_logger - INFO - 实际结果是{'status': 0, 'msg': '账号和密码不能为空'}
2020-01-15 14:41:50,102 - test_logger - INFO - 实际结果是{'status': 1, 'result': {'Id': '16266', 'Safety': '3d03bed61abf6efba239df26534232a1', 'Password': '$2y$10$ksY71AFU2LBpzKawwgo7dOvkbiYEfXE0jCBTFsOVZm56QddkWZzaW', 'Face': 'https://upload.cc/i1/2019/08/09/Dc6KWB.jpeg', 'Uid': 'LT016266', 'Status': '1', 'Remark': '', 'Nickname': '民心所向', 'Level': '0'}}
2020-01-15 14:41:50,165 - test_logger - INFO - 实际结果是{'status': 0, 'msg': '账户不存在'}
2020-01-15 14:41:50,224 - test_logger - INFO - 实际结果是{'status': 0, 'msg': '账号和密码不能为空'}
2020-01-15 14:42:28,876 - test_logger - INFO - 实际结果是{'status': 1, 'result': {'Id': '16266', 'Safety': '9e824c0d2ef4821bd9163a738175299e', 'Password': '$2y$10$ksY71AFU2LBpzKawwgo7dOvkbiYEfXE0jCBTFsOVZm56QddkWZzaW', 'Face': 'https://upload.cc/i1/2019/08/09/Dc6KWB.jpeg', 'Uid': 'LT016266', 'Status': '1', 'Remark': '', 'Nickname': '民心所向', 'Level': '0'}}
2020-01-15 14:42:28,940 - test_logger - INFO - 实际结果是{'status': 0, 'msg': '账户不存在'}
2020-01-15 14:42:29,008 - test_logger - INFO - 实际结果是{'status': 0, 'msg': '账号和密码不能为空'}
2020-01-15 15:01:42,646 - test_logger - INFO - 实际结果是{'status': 1, 'result': {'Id': '16266', 'Safety': '28509fcfedc88e420abd577b55e53022', 'Password': '$2y$10$ksY71AFU2LBpzKawwgo7dOvkbiYEfXE0jCBTFsOVZm56QddkWZzaW', 'Face': 'https://upload.cc/i1/2019/08/09/Dc6KWB.jpeg', 'Uid': 'LT016266', 'Status': '1', 'Remark': '', 'Nickname': '民心所向', 'Level': '0'}}
2020-01-15 15:01:42,721 - test_logger - INFO - 实际结果是{'status': 0, 'msg': '账户不存在'}
2020-01-15 15:01:42,788 - test_logger - INFO - 实际结果是{'status': 0, 'msg': '账号和密码不能为空'}
2020-01-15 15:21:03,997 - test_logger - INFO - 实际结果是{'status': 1, 'result': {'Id': '16266', 'Safety': '8792d7738ed7cac367869913a28e433a', 'Password': '$2y$10$ksY71AFU2LBpzKawwgo7dOvkbiYEfXE0jCBTFsOVZm56QddkWZzaW', 'Face': 'https://upload.cc/i1/2019/08/09/Dc6KWB.jpeg', 'Uid': 'LT016266', 'Status': '1', 'Remark': '', 'Nickname': '民心所向', 'Level': '0'}}
2020-01-15 15:21:04,060 - test_logger - INFO - 实际结果是{'status': 0, 'msg': '账户不存在'}
2020-01-15 15:21:04,119 - test_logger - INFO - 实际结果是{'status': 0, 'msg': '账号和密码不能为空'}
2020-01-15 15:22:03,016 - test_logger - INFO - 实际结果是{'status': 1, 'result': {'Id': '16266', 'Safety': '062fdb93ee7faead981e2c30beaa6d2d', 'Password': '$2y$10$ksY71AFU2LBpzKawwgo7dOvkbiYEfXE0jCBTFsOVZm56QddkWZzaW', 'Face': 'https://upload.cc/i1/2019/08/09/Dc6KWB.jpeg', 'Uid': 'LT016266', 'Status': '1', 'Remark': '', 'Nickname': '民心所向', 'Level': '0'}}
2020-01-15 15:22:03,090 - test_logger - INFO - 实际结果是{'status': 0, 'msg': '账户不存在'}
2020-01-15 15:22:03,154 - test_logger - INFO - 实际结果是{'status': 0, 'msg': '账号和密码不能为空'}
2020-01-15 15:22:15,126 - test_logger - INFO - 实际结果是{'status': 1, 'result': {'Id': '16266', 'Safety': '9343b82753525f553046ad3fdad86138', 'Password': '$2y$10$ksY71AFU2LBpzKawwgo7dOvkbiYEfXE0jCBTFsOVZm56QddkWZzaW', 'Face': 'https://upload.cc/i1/2019/08/09/Dc6KWB.jpeg', 'Uid': 'LT016266', 'Status': '1', 'Remark': '', 'Nickname': '民心所向', 'Level': '0'}}
2020-01-15 15:22:15,189 - test_logger - INFO - 实际结果是{'status': 0, 'msg': '账户不存在'}
2020-01-15 15:22:15,249 - test_logger - INFO - 实际结果是{'status': 0, 'msg': '账号和密码不能为空'}
2020-01-15 15:41:45,308 - test_logger - INFO - 实际结果是{'status': 1, 'result': {'Id': '16266', 'Safety': 'd71f228d245f7912dad16dd423d4c525', 'Password': '$2y$10$ksY71AFU2LBpzKawwgo7dOvkbiYEfXE0jCBTFsOVZm56QddkWZzaW', 'Face': 'https://upload.cc/i1/2019/08/09/Dc6KWB.jpeg', 'Uid': 'LT016266', 'Status': '1', 'Remark': '', 'Nickname': '民心所向', 'Level': '0'}}
2020-01-15 15:41:45,370 - test_logger - INFO - 实际结果是{'status': 0, 'msg': '账户不存在'}
2020-01-15 15:41:45,428 - test_logger - INFO - 实际结果是{'status': 0, 'msg': '账号和密码不能为空'}
2020-01-15 15:42:21,302 - test_logger - INFO - 实际结果是{'status': 1, 'result': {'Id': '16266', 'Safety': '24e2ed9b079984169ceb0b9c5229f305', 'Password': '$2y$10$ksY71AFU2LBpzKawwgo7dOvkbiYEfXE0jCBTFsOVZm56QddkWZzaW', 'Face': 'https://upload.cc/i1/2019/08/09/Dc6KWB.jpeg', 'Uid': 'LT016266', 'Status': '1', 'Remark': '', 'Nickname': '民心所向', 'Level': '0'}}
2020-01-15 15:42:21,363 - test_logger - INFO - 实际结果是{'status': 0, 'msg': '账户不存在'}
2020-01-15 15:42:21,419 - test_logger - INFO - 实际结果是{'status': 0, 'msg': '账号和密码不能为空'}
2020-01-17 18:24:53,887 - test_logger - INFO - 实际结果是{'status': 1, 'result': {'Id': '16266', 'Safety': '61b83b3fe3bc2d21cf00ceb11a0da3a0', 'Password': '$2y$10$ksY71AFU2LBpzKawwgo7dOvkbiYEfXE0jCBTFsOVZm56QddkWZzaW', 'Face': 'https://upload.cc/i1/2019/08/09/Dc6KWB.jpeg', 'Uid': 'LT016266', 'Status': '1', 'Remark': '', 'Nickname': '民心所向', 'Level': '0'}}
2020-01-17 18:24:53,958 - test_logger - INFO - 实际结果是{'status': 0, 'msg': '账户不存在'}
2020-01-17 18:24:54,021 - test_logger - INFO - 实际结果是{'status': 0, 'msg': '账号和密码不能为空'}
2020-01-18 19:13:34,264 - test_logger - INFO - 实际结果是{'status': 0, 'msg': '账户不存在'}
2020-01-18 19:13:34,324 - test_logger - INFO - 实际结果是{'status': 0, 'msg': '账号和密码不能为空'}
2020-01-22 10:38:17,578 - test_logger - INFO - 实际结果是{'status': 0, 'msg': '账户不存在'}
2020-01-22 10:38:17,634 - test_logger - INFO - 实际结果是{'status': 0, 'msg': '账号和密码不能为空'}
2020-01-22 10:38:37,803 - test_logger - INFO - 实际结果是{'status': 0, 'msg': '账户不存在'}
2020-01-22 10:38:37,862 - test_logger - INFO - 实际结果是{'status': 0, 'msg': '账号和密码不能为空'}
2020-01-22 10:39:22,536 - test_logger - INFO - 实际结果是{'status': 0, 'msg': '账户不存在'}
2020-01-22 10:39:22,596 - test_logger - INFO - 实际结果是{'status': 0, 'msg': '账号和密码不能为空'}
2020-01-22 10:48:09,944 - test_logger - INFO - 实际结果是{'status': 0, 'msg': '账户不存在'}
2020-01-22 10:48:10,002 - test_logger - INFO - 实际结果是{'status': 0, 'msg': '账号和密码不能为空'}
2020-01-22 10:48:33,329 - test_logger - INFO - 实际结果是{'status': 0, 'msg': '账户不存在'}
2020-01-22 10:48:33,389 - test_logger - INFO - 实际结果是{'status': 0, 'msg': '账号和密码不能为空'}
2020-01-22 10:55:21,646 - test_logger - INFO - 实际结果是{'status': 0, 'msg': '账户不存在'}
2020-01-22 10:55:21,708 - test_logger - INFO - 实际结果是{'status': 0, 'msg': '账号和密码不能为空'}
2020-01-22 14:09:01,588 - test_logger - INFO - 实际结果是{'status': 0, 'msg': '账户不存在'}
2020-01-22 14:09:01,650 - test_logger - INFO - 实际结果是{'status': 0, 'msg': '账号和密码不能为空'}
2020-01-22 14:11:41,118 - test_logger - INFO - 实际结果是{'status': 0, 'msg': '账户不存在'}
2020-01-22 14:11:41,185 - test_logger - INFO - 实际结果是{'status': 0, 'msg': '账号和密码不能为空'}
2020-01-22 14:12:34,022 - test_logger - INFO - 实际结果是{'status': 0, 'msg': '账户不存在'}
2020-01-22 14:12:34,079 - test_logger - INFO - 实际结果是{'status': 0, 'msg': '账号和密码不能为空'}
2020-01-22 14:12:53,156 - test_logger - INFO - 实际结果是{'status': 0, 'msg': '账户不存在'}
2020-01-22 14:12:53,216 - test_logger - INFO - 实际结果是{'status': 0, 'msg': '账号和密码不能为空'}
2020-01-22 14:43:24,439 - test_logger - INFO - 实际结果是{'status': 0, 'msg': '账户不存在'}
2020-01-22 14:43:24,473 - test_logger - INFO - 实际结果是{'status': 0, 'msg': '账号和密码不能为空'}
2020-01-22 14:45:43,028 - test_logger - INFO - 实际结果是{'status': 0, 'msg': '账户不存在'}
2020-01-22 14:45:43,065 - test_logger - INFO - 实际结果是{'status': 0, 'msg': '账号和密码不能为空'}
2020-01-22 14:47:35,313 - test_logger - INFO - 实际结果是{'status': 0, 'msg': '账户不存在'}
2020-01-22 14:47:35,349 - test_logger - INFO - 实际结果是{'status': 0, 'msg': '账号和密码不能为空'}
2020-01-22 14:48:01,846 - test_logger - INFO - 实际结果是{'status': 0, 'msg': '账户不存在'}
2020-01-22 14:48:01,882 - test_logger - INFO - 实际结果是{'status': 0, 'msg': '账号和密码不能为空'}
2020-01-22 14:49:08,163 - test_logger - INFO - 实际结果是{'status': 0, 'msg': '账户不存在'}
2020-01-22 14:49:08,195 - test_logger - INFO - 实际结果是{'status': 0, 'msg': '账号和密码不能为空'}
2020-01-22 14:49:27,806 - test_logger - INFO - 实际结果是{'status': 0, 'msg': '账户不存在'}
2020-01-22 14:49:27,840 - test_logger - INFO - 实际结果是{'status': 0, 'msg': '账号和密码不能为空'}
2020-01-22 14:50:17,678 - test_logger - INFO - 实际结果是{'status': 0, 'msg': '账户不存在'}
2020-01-22 14:50:17,712 - test_logger - INFO - 实际结果是{'status': 0, 'msg': '账号和密码不能为空'}
2020-01-22 15:52:32,890 - test_logger - INFO - 实际结果是{'status': 0, 'msg': '账户不存在'}
2020-01-22 15:52:35,821 - test_logger - INFO - 实际结果是{'status': 0, 'msg': '账号和密码不能为空'}
2020-01-22 15:57:05,682 - test_logger - INFO - 实际结果是{'status': 0, 'msg': '账户不存在'}
2020-01-22 15:57:05,757 - test_logger - INFO - 实际结果是{'status': 0, 'msg': '账号和密码不能为空'}
2020-01-22 15:58:01,760 - test_logger - INFO - 实际结果是{'status': 0, 'msg': '账户不存在'}
2020-01-22 15:58:01,823 - test_logger - INFO - 实际结果是{'status': 0, 'msg': '账号和密码不能为空'}
2020-01-22 16:09:36,186 - test_logger - INFO - 实际结果是{'status': 0, 'msg': '账户不存在'}
2020-01-22 16:09:36,242 - test_logger - INFO - 实际结果是{'status': 0, 'msg': '账号和密码不能为空'}
2020-01-22 19:52:12,136 - test_logger - INFO - 实际结果是{'status': 0, 'msg': '账户不存在'}
2020-01-22 19:52:12,196 - test_logger - INFO - 实际结果是{'status': 0, 'msg': '账号和密码不能为空'}
2020-01-22 19:52:19,001 - test_logger - INFO - 实际结果是{'status': 0, 'msg': '账户不存在'}
2020-01-22 19:52:19,070 - test_logger - INFO - 实际结果是{'status': 0, 'msg': '账号和密码不能为空'}
2020-01-23 17:27:49,500 - test_logger - INFO - 实际结果是{'status': 0, 'msg': '账户不存在'}
2020-01-23 17:27:49,534 - test_logger - INFO - 实际结果是{'status': 0, 'msg': '账号和密码不能为空'}
2020-01-24 10:59:38,365 - test_logger - INFO - 实际结果是{'status': 0, 'msg': '账户不存在'}
2020-01-24 10:59:38,414 - test_logger - INFO - 实际结果是{'status': 0, 'msg': '账号和密码不能为空'}
2020-01-24 11:00:19,871 - test_logger - INFO - 实际结果是{'status': 0, 'msg': '账户不存在'}
2020-01-24 11:00:19,922 - test_logger - INFO - 实际结果是{'status': 0, 'msg': '账号和密码不能为空'}
2020-01-24 15:45:34,301 - test_logger - INFO - 实际结果是{'status': 0, 'msg': '账户不存在'}
2020-01-24 15:45:34,358 - test_logger - INFO - 实际结果是{'status': 0, 'msg': '账号和密码不能为空'}
2020-01-28 10:25:33,743 - test_logger - INFO - 实际结果是{'status': 0, 'msg': '账户不存在'}
2020-01-28 10:25:33,811 - test_logger - INFO - 实际结果是{'status': 0, 'msg': '账号和密码不能为空'}
2020-03-07 14:52:16,603 - test_logger - INFO - 实际结果是{'status': 0, 'msg': '账户不存在'}
2020-03-07 14:52:16,666 - test_logger - INFO - 实际结果是{'status': 0, 'msg': '账号和密码不能为空'}
2020-03-07 14:53:31,673 - test_logger - INFO - 实际结果是{'status': 0, 'msg': '账户不存在'}
2020-03-07 14:53:31,736 - test_logger - INFO - 实际结果是{'status': 0, 'msg': '账号和密码不能为空'}
2020-03-07 14:55:37,936 - test_logger - INFO - 实际结果是{'status': 0, 'msg': '账户不存在'}
2020-03-07 14:55:37,998 - test_logger - INFO - 实际结果是{'status': 0, 'msg': '账号和密码不能为空'}
2020-03-09 11:33:09,170 - test_logger - INFO - 实际结果是{'status': 0, 'msg': '账户不存在'}
2020-03-09 11:33:09,230 - test_logger - INFO - 实际结果是{'status': 0, 'msg': '账号和密码不能为空'}
2020-03-09 11:33:57,158 - test_logger - INFO - 实际结果是{'status': 0, 'msg': '账户不存在'}
2020-03-09 11:33:57,224 - test_logger - INFO - 实际结果是{'status': 0, 'msg': '账号和密码不能为空'}
2020-03-09 11:35:01,782 - test_logger - INFO - 实际结果是{'status': 0, 'msg': '账户不存在'}
2020-03-09 11:35:01,846 - test_logger - INFO - 实际结果是{'status': 0, 'msg': '账号和密码不能为空'}
2020-03-09 11:38:43,195 - test_logger - INFO - 实际结果是{'status': 0, 'msg': '账户不存在'}
2020-03-09 11:38:43,256 - test_logger - INFO - 实际结果是{'status': 0, 'msg': '账号和密码不能为空'}
2020-03-09 11:42:53,134 - test_logger - INFO - 实际结果是{'status': 0, 'msg': '账户不存在'}
2020-03-09 11:42:53,204 - test_logger - INFO - 实际结果是{'status': 0, 'msg': '账号和密码不能为空'}
2020-03-09 11:44:59,114 - test_logger - INFO - 实际结果是{'status': 0, 'msg': '账户不存在'}
2020-03-09 11:44:59,175 - test_logger - INFO - 实际结果是{'status': 0, 'msg': '账号和密码不能为空'}
2020-03-09 11:47:01,497 - test_logger - INFO - 实际结果是{'status': 0, 'msg': '账户不存在'}
2020-03-09 11:47:01,561 - test_logger - INFO - 实际结果是{'status': 0, 'msg': '账号和密码不能为空'}
2020-03-11 10:44:55,929 - test_logger - INFO - 实际结果是{'status': 0, 'msg': '账户不存在'}
2020-03-11 10:44:55,989 - test_logger - INFO - 实际结果是{'status': 0, 'msg': '账号和密码不能为空'}
2020-03-11 11:05:40,866 - test_logger - INFO - 实际结果是{'status': 0, 'msg': '账户不存在'}
2020-03-11 11:05:40,928 - test_logger - INFO - 实际结果是{'status': 0, 'msg': '账号和密码不能为空'}
2020-03-11 11:06:43,851 - test_logger - INFO - 实际结果是{'status': 0, 'msg': '账户不存在'}
2020-03-11 11:06:43,912 - test_logger - INFO - 实际结果是{'status': 0, 'msg': '账号和密码不能为空'}
2020-03-11 11:07:54,146 - test_logger - INFO - 实际结果是{'status': 0, 'msg': '账户不存在'}
2020-03-11 11:07:54,208 - test_logger - INFO - 实际结果是{'status': 0, 'msg': '账号和密码不能为空'}
2020-03-11 11:08:47,142 - test_logger - INFO - 实际结果是{'status': 0, 'msg': '账户不存在'}
2020-03-11 11:08:47,203 - test_logger - INFO - 实际结果是{'status': 0, 'msg': '账号和密码不能为空'}
2020-03-11 11:09:33,962 - test_logger - INFO - 实际结果是{'status': 0, 'msg': '账户不存在'}
2020-03-11 11:09:34,023 - test_logger - INFO - 实际结果是{'status': 0, 'msg': '账号和密码不能为空'}
